Mon Mar 28 15:33:39 EDT 2011
set BASE = /home/hwo/tools/mech_processor
set Xpath = /home/hwo/tools/mech_processor/BLD-ggb_special_SS4
set EXEC = CHEMMECH_ggb_SS4
set APPL = test
set Mpath = /home/hwo/tools/mech_processor
set Mechanism = cb05cltx_ae5_aq
set Mpath = /home/hwo/tools/mech_processor/cb05cltx_ae5_aq
set MCFL = mech-cb05cltx_ae5_aq.def
set Opath = /home/hwo/tools/mech_processor/cb05cltx_ae5_aq
if ( ! ( -e /home/hwo/tools/mech_processor/cb05cltx_ae5_aq/mech-cb05cltx_ae5_aq.def ) ) then
set echo
setenv MECHDEF /home/hwo/tools/mech_processor/cb05cltx_ae5_aq/mech-cb05cltx_ae5_aq.def
if ( ! ( -d /home/hwo/tools/mech_processor/cb05cltx_ae5_aq ) ) mkdir -p /home/hwo/tools/mech_processor/cb05cltx_ae5_aq
if ( /home/hwo/tools/mech_processor/cb05cltx_ae5_aq != /home/hwo/tools/mech_processor/cb05cltx_ae5_aq ) cp -f /home/hwo/tools/mech_processor/cb05cltx_ae5_aq/mech-cb05cltx_ae5_aq.def /home/hwo/tools/mech_processor/cb05cltx_ae5_aq/.
setenv SPCSDATX /home/hwo/tools/mech_processor/cb05cltx_ae5_aq/SPCS.ext
setenv RXNSDATX /home/hwo/tools/mech_processor/cb05cltx_ae5_aq/RXDT.EXT
setenv RXNSCOMX /home/hwo/tools/mech_processor/cb05cltx_ae5_aq/RXCM.EXT
unset echo
-rwxr-xr-x 1 hwo mod3dev 1106284 Mar 28 13:57 /home/hwo/tools/mech_processor/BLD-ggb_special_SS4/CHEMMECH_ggb_SS4
           LINE:    1                                                                                    
           LINE:    2                                                                                    
           LINE:    3                                                                                    
           LINE:    4   CB05CLTX_AE5_AQ                                                                  
           LINE:    5                                                                                    
           LINE:    6   REACTIONS[CM] =                                                                  
           LINE:    7                                                                                    
           LINE:    8   <  R1>  NO2                = NO        + O            # 1.0/<NO2_SAPRC99>;       
           LINE:    9   <  R2>  O    + O2    + M   = O3        + M            # 6.0E-34 ^ -2.4;          
           LINE:   10   <  R3>  O3   + NO          = NO2                      # 3.0E-12 @ 1500.0;        
           LINE:   11   <  R4>  O    + NO2         = NO                       # 5.6E-12 @ -180.0;        
           LINE:   12   <  R5>  O    + NO2         = NO3                      # 2.5E-31 ^-1.8 &          
           LINE:   13                                                           2.2E-11 ^ -0.7;          
           LINE:   14   <  R6>  O    + NO          = NO2                      # 9.0E-32 ^ -1.5 &         
           LINE:   15                                                           3.0E-11;                 
           LINE:   16   <  R7>  NO2  + O3          = NO3                      # 1.2E-13 @ 2450;          
           LINE:   17   <  R8>  O3                 = O                        # 1.0/<O3_O3P_IUPAC04>;    
           LINE:   18   <  R9>  O3                 = O1D                      # 1.0/<O3_O1D_IUPAC04>;    
           LINE:   19   < R10>  O1D  + M           = O         + M            # 2.1E-11 @ -102.;         
           LINE:   20   < R11>  O1D  + H2O         = 2.000*OH                 # 2.2E-10;                 
           LINE:   21   < R12>  O3   + OH          = HO2                      # 1.7E-12 @ 940;           
           LINE:   22   < R13>  O3   + HO2         = OH                       # 1.0E-14 @ 490;           
           LINE:   23   < R14>  NO3                = NO2       + O            # 1.0/<NO3NO2_SAPRC99>;    
           LINE:   24   < R15>  NO3                = NO                       # 1.0/<NO3NO_SAPRC99>;     
           LINE:   25   < R16>  NO3  + NO          = 2.000*NO2                # 1.5E-11 @ -170;          
           LINE:   26   < R17>  NO3  + NO2         = NO        + NO2          # 4.5E-14 @ 1260;          
           LINE:   27   < R18>  NO3  + NO2         = N2O5                     # 2.0E-30 ^ -4.4 &         
           LINE:   28                                                           1.4E-12 ^ -0.7;          
           LINE:   29   < R19>  N2O5 + H2O         = 2.000*HNO3               # 2.5E-22;                 
           LINE:   30   < R20>  N2O5 + H2O  + H2O  = 2.000*HNO3               # 1.8E-39;                 
           LINE:   31   < R21>  N2O5               = NO3   +  NO2             # 1.0E-03 ^-3.5 @ 11000 &  
           LINE:   32                                                           9.7E+14 ^ 0.1 @ 11080 &  
           LINE:   33                                                           0.45 & 1.0;              
           LINE:   34   < R22>  NO   + NO + O2     = 2.000*NO2                # 3.3E-39 @ -530;          
           LINE:   35   < R23>  NO   + NO2  + H2O  = 2.000*HONO               # 5.0E-40;                 
           LINE:   36   < R24>  NO   + OH          = HONO                     # 7.0E-31 ^ -2.6 &         
           LINE:   37                                                           3.6E-11 ^ -0.1;          
           LINE:   38   < R25>  HONO               = NO        + OH           # 1.0/<HONO_IUPAC04>;      
           LINE:   39   < R26>  OH   + HONO        = NO2                      # 1.8E-11 @ 390;           
           LINE:   40   < R27>  HONO + HONO        = NO        + NO2          # 1.0E-20;                 
           LINE:   41   < R28>  NO2  + OH          = HNO3                     # 2.0E-30 ^ -3.0 &         
           LINE:   42                                                           2.5E-11;                 
           LINE:   43   < R29>  OH   + HNO3        = NO3                   %2 # 2.4E-14 @ -460 &         
           LINE:   44                                                           2.7E-17 @                
           LINE:   45                                                           -2199 & 6.5E-34 @        
           LINE:   46                                                           -1335;                   
           LINE:   47   < R30>  HO2  + NO          = OH        + NO2          # 3.5E-12 @ -250;          
           LINE:   48   < R31>  HO2  + NO2         = PNA                      # 1.8E-31 ^ -3.2 &         
           LINE:   49                                                           4.7E-12 & 0.6;           
           LINE:   50   < R32>  PNA                = HO2       + NO2          # 4.1E-5 @ 10650 &         
           LINE:   51                                                           4.8E15 @                 
           LINE:   52                                                           11170 & 0.6;             
           LINE:   53   < R33>  OH   + PNA         = NO2                      # 1.3E-12 @ -380;          
           LINE:   54   < R34>  HO2  + HO2         = H2O2                  %3 # 2.3E-13 @ -600 &         
           LINE:   55                                                           1.7E-33 @ -1000;         
           LINE:   56   < R35>  HO2  + HO2  + H2O  = H2O2                  %3 # 3.22E-34 @ -2800 &       
           LINE:   57                                                           2.38E-54 @ -3200;        
           LINE:   58   < R36>  H2O2               = 2.000*OH                 # 1.0/<H2O2_SAPRC99>;      
           LINE:   59   < R37>  OH   + H2O2        = HO2                      # 2.9E-12 @ 160;           
           LINE:   60   < R38>  O1D  + H2          = OH        + HO2          # 1.1E-10;                 
           LINE:   61   < R39>  OH   + H2          = HO2                      # 5.5E-12 @ 2000.;         
           LINE:   62   < R40>  OH   + O           = HO2                      # 2.2E-11 @ -120.;         
           LINE:   63   < R41>  OH   + OH          = O                        # 4.2E-12 @ 240;           
           LINE:   64   < R42>  OH   + OH          = H2O2                     # 6.9E-31 ^ -1.0 &         
           LINE:   65                                                           2.6E-11 ^ 0;             
           LINE:   66   < R43>  OH   + HO2         =                          # 4.8E-11 @ -250.;         
           LINE:   67   < R44>  HO2  + O           = OH                       # 3.0E-11 @ -200.;         
           LINE:   68   < R45>  H2O2 + O           = OH        + HO2          # 1.4E-12 @ 2000.;         
           LINE:   69   < R46>  NO3  + O           = NO2                      # 1.0E-11;                 
           LINE:   70   < R47>  NO3  + OH          = HO2       + NO2          # 2.2E-11;                 
           LINE:   71   < R48>  NO3  + HO2         = HNO3                     # 3.5E-12;                 
           LINE:   72   < R49>  NO3  + O3          = NO2                      # 1.0E-17;                 
           LINE:   73   < R50>  NO3  + NO3         = 2.000*NO2                # 8.5E-13 @ 2450.;         
           LINE:   74   < R51>  PNA                = 0.610*HO2                                           
           LINE:   75                                + 0.610*NO2                                         
           LINE:   76                                + 0.390*OH                                          
           LINE:   77                                + 0.390*NO3              # 1.0/<HO2NO2_IUPAC04>;    
           LINE:   78   < R52>  HNO3               = OH        + NO2          # 1.0/<HNO3_IUPAC04>;      
           LINE:   79   < R53>  N2O5               = NO2       + NO3          # 1.0/<N2O5_IUPAC04>;      
           LINE:   80   < R54>  XO2  + NO          = NO2                      # 2.6E-12 @ -365;          
           LINE:   81   < R55>  XO2N + NO          = NTR                      # 2.6E-12 @ -365;          
           LINE:   82   < R56>  XO2  + HO2         = ROOH                     # 7.5E-13 @ -700;          
           LINE:   83   < R57>  XO2N + HO2         = ROOH                     # 7.5E-13 @ -700;          
           LINE:   84   < R58>  XO2  + XO2         =                          # 6.8E-14;                 
           LINE:   85   < R59>  XO2N + XO2N        =                          # 6.8E-14;                 
           LINE:   86   < R60>  XO2  + XO2N        =                          # 6.8E-14;                 
           LINE:   87   < R61>  NTR  + OH          = HNO3                                                
           LINE:   88                                + HO2                                               
           LINE:   89                                + 0.330*FORM                                        
           LINE:   90                                + 0.330*ALD2                                        
           LINE:   91                                + 0.330*ALDX                                        
           LINE:   92                                - 0.660*PAR              # 5.9E-13 @ 360.;          
           LINE:   93   < R62>  NTR                = NO2                                                 
           LINE:   94                                + HO2                                               
           LINE:   95                                + 0.330*FORM                                        
           LINE:   96                                + 0.330*ALD2                                        
           LINE:   97                                + 0.330*ALDX                                        
           LINE:   98                                - 0.660*PAR              # 1.0/<NTR_IUPAC04>;       
           LINE:   99   < R63>  ROOH + OH          = XO2                                                 
           LINE:  100                                + 0.500*ALD2                                        
           LINE:  101                                + 0.500*ALDX             # 3.01E-12 @ -190;         
           LINE:  102   < R64>  ROOH               = OH                                                  
           LINE:  103                                + HO2                                               
           LINE:  104                                + 0.500*ALD2                                        
           LINE:  105                                + 0.500*ALDX             # 1.0/<COOH_SAPRC99>;      
           LINE:  106   < R65>  OH   + CO          = HO2                   %3 # 1.44E-13 @ 0.0 &         
           LINE:  107                                                           3.43E-33 @ 0.0;          
           LINE:  108   < R66>  OH   + CH4         = MEO2                     # 2.45E-12 @ 1775;         
           LINE:  109   < R67>  MEO2 + NO          = FORM                                                
           LINE:  110                                + HO2                                               
           LINE:  111                                + NO2                    # 2.8E-12 @ -300;          
           LINE:  112   < R68>  MEO2 + HO2         = MEPX                     # 4.1E-13 @ -750;          
           LINE:  113   < R69>  MEO2 + MEO2        = 1.370*FORM                                          
           LINE:  114                                + 0.740*HO2                                         
           LINE:  115                                + 0.630*MEOH             # 9.5E-14 @ -390;          
           LINE:  116   < R70>  MEPX + OH          = 0.700*MEO2                                          
           LINE:  117                                + 0.300*XO2                                         
           LINE:  118                                + 0.300*HO2              # 3.8E-12 @ -200;          
           LINE:  119   < R71>  MEPX               = FORM                                                
           LINE:  120                                + HO2                                               
           LINE:  121                                + OH                     # 1.0/<COOH_SAPRC99>;      
           LINE:  122   < R72>  MEOH + OH          = FORM      + HO2          # 7.3E-12 @ 620;           
           LINE:  123   < R73>  FORM + OH          = HO2       + CO           # 9.0E-12;                 
           LINE:  124   < R74>  FORM               = 2.000*HO2 + CO           # 1.0/<HCHO_R_SAPRC99>;    
           LINE:  125   < R75>  FORM               = CO                       # 1.0/<HCHO_M_SAPRC99>;    
           LINE:  126   < R76>  FORM + O           = OH    +   HO2  +  CO     # 3.4E-11 @ 1600;          
           LINE:  127   < R77>  FORM + NO3         = HNO3  +   HO2  +  CO     # 5.8E-16;                 
           LINE:  128   < R78>  FORM + HO2         = HCO3                     # 9.7E-15 @ -625;          
           LINE:  129   < R79>  HCO3               = FORM      + HO2          # 2.4E+12 @ 7000;          
           LINE:  130   < R80>  HCO3 + NO          = FACD      + NO2 + HO2    # 5.6E-12;                 
           LINE:  131   < R81>  HCO3 + HO2         = MEPX                     # 5.6E-15 @ -2300;         
           LINE:  132   < R82>  FACD + OH          = HO2                      # 4.0E-13;                 
           LINE:  133   < R83>  ALD2 + O           = C2O3      + OH           # 1.8E-11 @ 1100;          
           LINE:  134   < R84>  ALD2 + OH          = C2O3                     # 5.6E-12 @ -270;          
           LINE:  135   < R85>  ALD2 + NO3         = C2O3      + HNO3         # 1.4E-12 @ 1900;          
           LINE:  136   < R86>  ALD2               = MEO2      + CO  + HO2    # 1.0/<CCHO_R_SAPRC99>;    
           LINE:  137   < R87>  C2O3 + NO          = MEO2      + NO2          # 8.1E-12 @ -270;          
           LINE:  138   < R88>  C2O3 + NO2         = PAN                      # 2.7E-28 ^ -7.1 &         
           LINE:  139                                                           1.2E-11 ^ -0.9 & 0.3;    
           LINE:  140   < R89>  PAN                = C2O3 + NO2               # 4.9E-3 @ 12100 &         
           LINE:  141                                                           5.4E16 @ 13830 & 0.3;    
           LINE:  142   < R90>  PAN                = C2O3      + NO2          # 1.0/<PAN_IUPAC04>;       
           LINE:  143   < R91>  C2O3 + HO2         = 0.800*PACD                                          
           LINE:  144                                + 0.200*AACD                                        
           LINE:  145                                + 0.200*O3               # 4.3E-13 @ -1040;         
           LINE:  146   < R92>  C2O3 + MEO2        = 0.900*MEO2                                          
           LINE:  147                                + 0.900*HO2                                         
           LINE:  148                                + FORM                                              
           LINE:  149                                + 0.100*AACD             # 2.0E-12 @ -500;          
           LINE:  150   < R93>  C2O3 + XO2         = 0.900*MEO2                                          
           LINE:  151                                + 0.100*AACD             # 4.4E-13 @ -1070 ;        
           LINE:  152   < R94>  C2O3 + C2O3        = 2.000*MEO2               # 2.9E-12 @ -500;          
           LINE:  153   < R95>  PACD + OH          = C2O3                     # 4.0E-13 @ -200;          
           LINE:  154   < R96>  PACD               = MEO2      + OH           # 1.0/<PACD_CB05>;         
           LINE:  155   < R97>  AACD + OH          = MEO2                     # 4.0E-13 @ -200;          
           LINE:  156   < R98>  ALDX + O           = CXO3      + OH           # 1.3E-11 @ 870;           
           LINE:  157   < R99>  ALDX + OH          = CXO3                     # 5.1E-12 @ -405;          
           LINE:  158   <R100>  ALDX + NO3         = CXO3      + HNO3         # 6.5E-15;                 
           LINE:  159   <R101>  ALDX               = MEO2      + CO                                      
           LINE:  160                                + HO2                    # 1.0/<C2CHO_SAPRC99>;     
           LINE:  161   <R102>  CXO3 + NO          = ALD2      + NO2                                     
           LINE:  162                                + HO2     + XO2          # 6.7E-12 @ -340;          
           LINE:  163   <R103>  CXO3 + NO2         = PANX                     # 2.7E-28 ^ -7.1 &         
           LINE:  164                                                           1.2E-11 ^ -0.9 & 0.3;    
           LINE:  165   <R104>  PANX               = CXO3    + NO2            # 4.9E-3 @ 12100 &         
           LINE:  166                                                           5.4E16 @ 13830 & 0.3;    
           LINE:  167   <R105>  PANX               = CXO3      + NO2          # 1.0/<PAN_IUPAC04>;       
           LINE:  168   <R106>  PANX + OH          = ALD2      + NO2          # 3.0E-13;                 
           LINE:  169   <R107>  CXO3 + HO2         = 0.800*PACD                                          
           LINE:  170                                + 0.200*AACD                                        
           LINE:  171                                + 0.200*O3               # 4.3E-13 @ -1040;         
           LINE:  172   <R108>  CXO3 + MEO2        = 0.900*ALD2                                          
           LINE:  173                                + 0.900*XO2                                         
           LINE:  174                                + HO2                                               
           LINE:  175                                + 0.100*AACD                                        
           LINE:  176                                + 0.100*FORM             # 2.0E-12 @ -500;          
           LINE:  177   <R109>  CXO3 + XO2         = 0.900*ALD2                                          
           LINE:  178                                + 0.100*AACD             # 4.4E-13 @ -1070.;        
           LINE:  179   <R110>  CXO3 + CXO3        = 2.000*ALD2  + 2.000*XO2                             
           LINE:  180                                + 2.000*HO2              # 2.9E-12@-500;            
           LINE:  181   <R111>  CXO3 + C2O3        = MEO2      + XO2                                     
           LINE:  182                                + HO2       + ALD2       # 2.9E-12@-500;            
           LINE:  183   <R112>  PAR  + OH          = 0.870*XO2                                           
           LINE:  184                                + 0.130*XO2N                                        
           LINE:  185                                + 0.110*HO2                                         
           LINE:  186                                + 0.060*ALD2                                        
           LINE:  187                                - 0.110*PAR                                         
           LINE:  188                                + 0.760*ROR                                         
           LINE:  189                                + 0.050*ALDX             # 8.1E-13;                 
           LINE:  190   <R113>  ROR                = 0.960*XO2                                           
           LINE:  191                                + 0.600*ALD2                                        
           LINE:  192                                + 0.940*HO2                                         
           LINE:  193                                - 2.100*PAR                                         
           LINE:  194                                + 0.040*XO2N                                        
           LINE:  195                                + 0.020*ROR                                         
           LINE:  196                                + 0.500*ALDX             # 1.E+15 @ 8000.;          
           LINE:  197   <R114>  ROR                = HO2                      # 1.6E+3;                  
           LINE:  198   <R115>  ROR  + NO2         = NTR                      # 1.5E-11;                 
           LINE:  199   <R116>  O    + OLE         = 0.200*ALD2                                          
           LINE:  200                                + 0.300*ALDX                                        
           LINE:  201                                + 0.300*HO2                                         
           LINE:  202                                + 0.200*XO2                                         
           LINE:  203                                + 0.200*CO                                          
           LINE:  204                                + 0.200*FORM                                        
           LINE:  205                                + 0.010*XO2N                                        
           LINE:  206                                + 0.200*PAR                                         
           LINE:  207                                + 0.100*OH               # 1.E-11 @ 280.;           
           LINE:  208   <R117>  OH   + OLE         = 0.800*FORM                                          
           LINE:  209                                + 0.330*ALD2                                        
           LINE:  210                                + 0.620*ALDX                                        
           LINE:  211                                + 0.800*XO2                                         
           LINE:  212                                + 0.950*HO2                                         
           LINE:  213                                - 0.700*PAR              # 3.2E-11;                 
           LINE:  214   <R118>  O3   + OLE         = 0.180*ALD2                                          
           LINE:  215                                + 0.740*FORM                                        
           LINE:  216                                + 0.320*ALDX                                        
           LINE:  217                                + 0.220*XO2                                         
           LINE:  218                                + 0.100*OH                                          
           LINE:  219                                + 0.330*CO                                          
           LINE:  220                                + 0.440*HO2                                         
           LINE:  221                                - 1.000*PAR              # 6.5E-15 @ 1900.;         
           LINE:  222   <R119>  NO3  + OLE         = NO2                                                 
           LINE:  223                                + FORM                                              
           LINE:  224                                + 0.910*XO2                                         
           LINE:  225                                + 0.090*XO2N                                        
           LINE:  226                                + 0.560*ALDX                                        
           LINE:  227                                + 0.350*ALD2                                        
           LINE:  228                                - 1.000*PAR              # 7.0E-13 @ 2160.;         
           LINE:  229   <R120>  O    + ETH         = FORM                                                
           LINE:  230                                + 1.700*HO2                                         
           LINE:  231                                + CO                                                
           LINE:  232                                + 0.700*XO2                                         
           LINE:  233                                + 0.300*OH               # 1.04E-11 @ 792;          
           LINE:  234   <R121>  OH   + ETH         = XO2                                                 
           LINE:  235                                + 1.560*FORM                                        
           LINE:  236                                + 0.220*ALDX                                        
           LINE:  237                                + HO2                    # 1.0E-28 ^-0.8 &          
           LINE:  238                                                           8.8E-12;                 
           LINE:  239   <R122>  O3   + ETH         = FORM                                                
           LINE:  240                                + 0.630*CO                                          
           LINE:  241                                + 0.130*HO2                                         
           LINE:  242                                + 0.130*OH                                          
           LINE:  243                                + 0.370*FACD             # 1.2E-14 @ 2630;          
           LINE:  244   <R123>  NO3  + ETH         = NO2                                                 
           LINE:  245                                + XO2                                               
           LINE:  246                                + 2.0*FORM               # 3.3E-12 @ 2880.;         
           LINE:  247   <R124>  IOLE + O           = 1.240*ALD2                                          
           LINE:  248                                + 0.660*ALDX                                        
           LINE:  249                                + 0.100*HO2                                         
           LINE:  250                                + 0.100*XO2                                         
           LINE:  251                                + 0.100*CO                                          
           LINE:  252                                + 0.100*PAR              # 2.3E-11;                 
           LINE:  253   <R125>  IOLE + OH          = 1.300*ALD2                                          
           LINE:  254                                + 0.700*ALDX                                        
           LINE:  255                                + HO2                                               
           LINE:  256                                + XO2                    # 1.0E-11 @ -550.;         
           LINE:  257   <R126>  IOLE + O3          = 0.650*ALD2                                          
           LINE:  258                                + 0.350*ALDX                                        
           LINE:  259                                + 0.250*FORM                                        
           LINE:  260                                + 0.250*CO                                          
           LINE:  261                                + 0.500*O                                           
           LINE:  262                                + 0.500*OH                                          
           LINE:  263                                + 0.500*HO2              # 8.4E-15 @ 1100.;         
           LINE:  264   <R127>  IOLE + NO3         = 1.180*ALD2                                          
           LINE:  265                                + 0.640*ALDX                                        
           LINE:  266                                + HO2                                               
           LINE:  267                                + NO2                    # 9.6E-13 @  270.;         
           LINE:  268   <R128>  TOL  + OH          = 0.440*HO2                                           
           LINE:  269                                + 0.080*XO2                                         
           LINE:  270                                + 0.360*CRES                                        
           LINE:  271                                + 0.560*TO2                                         
           LINE:  272                                + 0.765*TOLRO2          # 1.8E-12 @ -355;           
           LINE:  273   <R129>  TO2  + NO          = 0.900*NO2                                           
           LINE:  274                                + 0.900*HO2                                         
           LINE:  275                                + 0.900*OPEN                                        
           LINE:  276                                + 0.100*NTR              # 8.1E-12;                 
           LINE:  277   <R130>  TO2                = CRES                                                
           LINE:  278                                + HO2                    # 4.2;                     
           LINE:  279   <R131>  OH   + CRES        = 0.400*CRO                                           
           LINE:  280                                + 0.600*XO2                                         
           LINE:  281                                + 0.600*HO2                                         
           LINE:  282                                + 0.300*OPEN             # 4.1E-11;                 
           LINE:  283   <R132>  CRES + NO3         = CRO + HNO3               # 2.2E-11;                 
           LINE:  284   <R133>  CRO  + NO2         = NTR                      # 1.4E-11;                 
           LINE:  285   <R134>  CRO  + HO2         = CRES                     # 5.5E-12;                 
           LINE:  286   <R135>  OPEN               = C2O3                                                
           LINE:  287                                + HO2                                               
           LINE:  288                                + CO                     # 9.0/<HCHO_R_SAPRC99>;    
           LINE:  289   <R136>  OPEN + OH          = XO2                                                 
           LINE:  290                                + 2.000*CO                                          
           LINE:  291                                + 2.000*HO2                                         
           LINE:  292                                + C2O3                                              
           LINE:  293                                + FORM                   # 3.0E-11;                 
           LINE:  294   <R137>  OPEN + O3          = 0.030*ALDX                                          
           LINE:  295                                + 0.620*C2O3                                        
           LINE:  296                                + 0.700*FORM                                        
           LINE:  297                                + 0.030*XO2                                         
           LINE:  298                                + 0.690*CO                                          
           LINE:  299                                + 0.080*OH                                          
           LINE:  300                                + 0.760*HO2                                         
           LINE:  301                                + 0.200*MGLY             # 5.4E-17 @ 500.;          
           LINE:  302   <R138>  OH   + XYL         = 0.700*HO2                                           
           LINE:  303                                + 0.500*XO2                                         
           LINE:  304                                + 0.200*CRES                                        
           LINE:  305                                + 0.800*MGLY                                        
           LINE:  306                                + 1.100*PAR                                         
           LINE:  307                                + 0.300*TO2                                         
           LINE:  308                                + 0.804*XYLRO2           # 1.7E-11 @ -116.;         
           LINE:  309   <R139>  OH   + MGLY        = XO2       + C2O3         # 1.8E-11;                 
           LINE:  310   <R140>  MGLY               = C2O3                                                
           LINE:  311                                + HO2                                               
           LINE:  312                                + CO                     # 1.0/<MGLY_IUPAC04>;      
           LINE:  313   <R141>  O    + ISOP        = 0.750*ISPD                                          
           LINE:  314                                + 0.500*FORM                                        
           LINE:  315                                + 0.250*XO2                                         
           LINE:  316                                + 0.250*HO2                                         
           LINE:  317                                + 0.250*CXO3                                        
           LINE:  318                                + 0.250*PAR              # 3.6E-11;                 
           LINE:  319   <R142>  OH   + ISOP        = 0.912*ISPD                                          
           LINE:  320                                + 0.629*FORM                                        
           LINE:  321                                + 0.991*XO2                                         
           LINE:  322                                + 0.912*HO2                                         
           LINE:  323                                + 0.088*XO2N                                        
           LINE:  324                                + ISOPRXN                # 2.54E-11 @ -407.6;       
           LINE:  325   <R143>  O3   + ISOP        = 0.650*ISPD                                          
           LINE:  326                                + 0.600*FORM                                        
           LINE:  327                                + 0.200*XO2                                         
           LINE:  328                                + 0.066*HO2                                         
           LINE:  329                                + 0.266*OH                                          
           LINE:  330                                + 0.200*CXO3                                        
           LINE:  331                                + 0.150*ALDX                                        
           LINE:  332                                + 0.350*PAR                                         
           LINE:  333                                + 0.066*CO               # 7.86E-15 @ 1912;         
           LINE:  334   <R144>  NO3  + ISOP        = 0.200*ISPD                                          
           LINE:  335                                + 0.800*NTR                                         
           LINE:  336                                + XO2                                               
           LINE:  337                                + 0.800*HO2                                         
           LINE:  338                                + 0.200*NO2                                         
           LINE:  339                                + 0.800*ALDX                                        
           LINE:  340                                + 2.400*PAR              # 3.03E-12 @ 448;          
           LINE:  341   <R145>  OH   + ISPD        = 1.565*PAR                                           
           LINE:  342                                + 0.167*FORM                                        
           LINE:  343                                + 0.713*XO2                                         
           LINE:  344                                + 0.503*HO2                                         
           LINE:  345                                + 0.334*CO                                          
           LINE:  346                                + 0.168*MGLY                                        
           LINE:  347                                + 0.252*ALD2                                        
           LINE:  348                                + 0.210*C2O3                                        
           LINE:  349                                + 0.250*CXO3                                        
           LINE:  350                                + 0.120*ALDX             # 3.36E-11;                
           LINE:  351   <R146>  O3   + ISPD        = 0.114*C2O3                                          
           LINE:  352                                + 0.150*FORM                                        
           LINE:  353                                + 0.850*MGLY                                        
           LINE:  354                                + 0.154*HO2                                         
           LINE:  355                                + 0.268*OH                                          
           LINE:  356                                + 0.064*XO2                                         
           LINE:  357                                + 0.020*ALD2                                        
           LINE:  358                                + 0.360*PAR                                         
           LINE:  359                                + 0.225*CO               # 7.1E-18;                 
           LINE:  360   <R147>  NO3  + ISPD        = 0.357*ALDX                                          
           LINE:  361                                + 0.282*FORM                                        
           LINE:  362                                + 1.282*PAR                                         
           LINE:  363                                + 0.925*HO2                                         
           LINE:  364                                + 0.643*CO                                          
           LINE:  365                                + 0.850*NTR                                         
           LINE:  366                                + 0.075*CXO3                                        
           LINE:  367                                + 0.075*XO2                                         
           LINE:  368                                + 0.150*HNO3             # 1.0E-15;                 
           LINE:  369   <R148>  ISPD               = 0.333*CO                                            
           LINE:  370                                + 0.067*ALD2                                        
           LINE:  371                                + 0.900*FORM                                        
           LINE:  372                                + 0.832*PAR                                         
           LINE:  373                                + 1.033*HO2                                         
           LINE:  374                                + 0.700*XO2                                         
           LINE:  375                                + 0.967*C2O3           # 0.0036/<ACROLEIN_SAPRC99>; 
           LINE:  376   <R149>  TERP + O           = 0.150*ALDX                                          
           LINE:  377                                + 5.12*PAR + TRPRXN    # 3.6E-11;                   
           LINE:  378   <R150>  TERP + OH          = 0.750*HO2                                           
           LINE:  379                                + 1.250*XO2                                         
           LINE:  380                                + 0.250*XO2N                                        
           LINE:  381                                + 0.280*FORM                                        
           LINE:  382                                + 1.66* PAR                                         
           LINE:  383                                + 0.470*ALDX                                        
           LINE:  384                                + TRPRXN               # 1.5E-11 @ -449.;           
           LINE:  385   <R151>  TERP + O3          = 0.570*OH                                            
           LINE:  386                                + 0.070*HO2                                         
           LINE:  387                                + 0.760*XO2                                         
           LINE:  388                                + 0.180*XO2N                                        
           LINE:  389                                + 0.240*FORM                                        
           LINE:  390                                + 0.001*CO                                          
           LINE:  391                                + 7.000*PAR                                         
           LINE:  392                                + 0.210*ALDX                                        
           LINE:  393                                + 0.390*CXO3                                        
           LINE:  394                                + TRPRXN               # 1.2E-15 @  821.;           
           LINE:  395   <R152>  TERP + NO3         = 0.470*NO2                                           
           LINE:  396                                + 0.280*HO2                                         
           LINE:  397                                + 1.030*XO2                                         
           LINE:  398                                + 0.250*XO2N                                        
           LINE:  399                                + 0.470*ALDX                                        
           LINE:  400                                + 0.530*NTR                                         
           LINE:  401                                + TRPRXN               # 3.7E-12 @ -175.;           
           LINE:  402   <R153>  SO2  + OH          = SULF + HO2 + SULRXN    # 3.0E-31 ^-3.3 & 1.5E-12;   
           LINE:  403   <R154>  OH   + ETOH        = HO2                                                 
           LINE:  404                                + 0.900*ALD2                                        
           LINE:  405                                + 0.050*ALDX                                        
           LINE:  406                                + 0.100*FORM                                        
           LINE:  407                                + 0.100*XO2              # 6.9E-12 @ 230;           
           LINE:  408   <R155>  OH   + ETHA        = 0.991*ALD2                                          
           LINE:  409                                + 0.991*XO2                                         
           LINE:  410                                + 0.009*XO2N                                        
           LINE:  411                                + HO2                    # 8.7E-12 @ 1070;          
           LINE:  412   <R156>  NO2  + ISOP        = 0.200*ISPD                                          
           LINE:  413                                + 0.800*NTR                                         
           LINE:  414                                + XO2                                               
           LINE:  415                                + 0.800*HO2                                         
           LINE:  416                                + 0.200*NO                                          
           LINE:  417                                + 0.800*ALDX                                        
           LINE:  418                                + 2.400*PAR              # 1.5E-19;                 
           LINE:  419   <CL1>   CL2                = 2.000*CL                 # 1.0/<CL2_IUPAC04>;       
           LINE:  420   <CL2>   HOCL               = OH        + CL           # 1.0/<HOCL_IUPAC04>;      
           LINE:  421   <CL3>   CL   + O3          = CLO                      # 2.3E-11 @ 200;           
           LINE:  422   <CL4>   CLO  + CLO         = 0.300*CL2 + 1.400*CL     # 1.63E-14;                
           LINE:  423   <CL5>   CLO  + NO          = CL        + NO2          # 6.4E-12 @ -290;          
           LINE:  424   <CL6>   CLO  + HO2         = HOCL                     # 2.7E-12 @ -220;          
           LINE:  425   <CL7>   OH   + FMCL        = CL        + CO           # 5.0E-13;                 
           LINE:  426   <CL8>   FMCL               = CL        + CO + HO2     # 1.0/<FMCL_IUPAC04>;      
           LINE:  427   <CL9>   CL   + CH4         = HCL       + MEO2         # 6.6E-12 @ 1240;          
           LINE:  428   <CL10>  CL   + PAR         = HCL                                                 
           LINE:  429                                + 0.870*XO2                                         
           LINE:  430                                + 0.130*XO2N                                        
           LINE:  431                                + 0.110*HO2                                         
           LINE:  432                                + 0.060*ALD2                                        
           LINE:  433                                - 0.110*PAR                                         
           LINE:  434                                + 0.760*ROR                                         
           LINE:  435                                + 0.050*ALDX             # 5.0E-11;                 
           LINE:  436   <CL11>  CL   + ETHA       = HCL                                                  
           LINE:  437                                + 0.991*ALD2                                        
           LINE:  438                                + 0.991*XO2                                         
           LINE:  439                                + 0.009*XO2N                                        
           LINE:  440                                + HO2                    # 8.3-11 @ 100;            
           LINE:  441   <CL12>  CL   + ETH         = FMCL                                                
           LINE:  442                                + 2.000*XO2                                         
           LINE:  443                                + 1.000*HO2                                         
           LINE:  444                                + 1.000*FORM             # 1.07E-10;                
           LINE:  445   <CL13>  CL   + OLE         = FMCL                                                
           LINE:  446                                + 0.330*ALD2                                        
           LINE:  447                                + 0.670*ALDX                                        
           LINE:  448                                + 2.000*XO2                                         
           LINE:  449                                + 1.000*HO2                                         
           LINE:  450                                - 1.000*PAR              # 2.5E-10;                 
           LINE:  451   <CL14>  CL   + IOLE        = 0.300*HCL                                           
           LINE:  452                                + 0.700*FMCL                                        
           LINE:  453                                + 0.450*ALD2                                        
           LINE:  454                                + 0.550*ALDX                                        
           LINE:  455                                + 0.300*OLE                                         
           LINE:  456                                + 0.300*PAR                                         
           LINE:  457                                + 1.700*XO2                                         
           LINE:  458                                + 1.000*HO2              # 3.5E-10;                 
           LINE:  459   <CL15>  CL   + ISOP        = 0.15*HCL                                            
           LINE:  460                                + 1.000*XO2                                         
           LINE:  461                                + 1.000*HO2                                         
           LINE:  462                                + 0.850*FMCL                                        
           LINE:  463                                + 1.000*ISPD             # 4.3E-10;                 
           LINE:  464   <CL16>  CL   + FORM       = HCL                                                  
           LINE:  465                                + 1.000*HO2                                         
           LINE:  466                                + 1.000*CO               # 8.2E-11 @ 34;            
           LINE:  467   <CL17>  CL   + ALD2       = HCL                                                  
           LINE:  468                                + 1.000*C2O3             # 7.9E-11;                 
           LINE:  469   <CL18>  CL   + ALDX       = HCL                                                  
           LINE:  470                                + 1.000*CXO3             # 1.3E-10;                 
           LINE:  471   <CL19>  CL   + MEOH       = HCL                                                  
           LINE:  472                                + 1.000*HO2                                         
           LINE:  473                                + 1.000*FORM             # 5.5E-11;                 
           LINE:  474   <CL20>  CL   + ETOH       = HCL                                                  
           LINE:  475                                + 1.000*HO2                                         
           LINE:  476                                + 1.000*ALD2             # 8.2E-11 @ -45;           
           LINE:  477   <CL21>  HCL  + OH         = CL                        # 6.58E-13^1.16 @ -58;     
           LINE:  478   <SA01>  TOLRO2  + NO      = NO  + TOLNRXN             # 2.70e-12@-360;           
           LINE:  479   <SA02>  TOLRO2  + HO2     = HO2 + TOLHRXN             # 1.90e-13@-1300;          
           LINE:  480   <SA03>  XYLRO2  + NO      = NO  + XYLNRXN             # 2.70e-12@-360;           
           LINE:  481   <SA04>  XYLRO2  + HO2     = HO2 + XYLHRXN             # 1.90e-13@-1300;          
           LINE:  482                                                                                    
           LINE:  483                                                                                    
           LINE:  484   <SA05>  BENZENE + OH      = OH + 0.764*BENZRO2        # 2.47e-12@206;            
           LINE:  485   <SA06>  BENZRO2 + NO      = NO  + BNZNRXN             # 2.70e-12@-360;           
           LINE:  486   <SA07>  BENZRO2 + HO2     = HO2 + BNZHRXN             # 1.90e-13@-1300;          
           LINE:  487                                                                                    
           LINE:  488   <SA08>  SESQ + O3         = O3  + SESQRXN             # 1.16E-14;                
           LINE:  489   <SA09>  SESQ + OH         = OH  + SESQRXN             # 1.97E-10;                
           LINE:  490   <SA10>  SESQ + NO3        = NO3 + SESQRXN             # 1.90E-11;                
           LINE:  491                                                                                    
           LINE:  492                                                                                    
           LINE:  493   < T01>  FORM_PRIMARY + OH      = OH                   # 9.0E-12;                 
           LINE:  494   < T02>  FORM_PRIMARY + NO3     = NO3                  # 5.8E-16;                 
           LINE:  495   < T03>  FORM_PRIMARY + O       = O                    # 3.4E-11 @ 1600;          
           LINE:  496   < T04>  FORM_PRIMARY           =                      # 1.0/<HCHO_R_SAPRC99>;    
           LINE:  497   < T05>  FORM_PRIMARY           =                      # 1.0/<HCHO_M_SAPRC99>;    
           LINE:  498   <TCL1>  FORM_PRIMARY + CL      = CL                   # 8.2E-11 @ 34;            
           LINE:  499   < T06>  ALD2_PRIMARY + OH      = OH                   # 5.6E-12 @ -270;          
           LINE:  500   < T07>  ALD2_PRIMARY + NO3     = NO3                  # 1.4E-12 @ 1900;          
           LINE:  501   < T08>  ALD2_PRIMARY + O       = O                    # 1.8E-11 @ 1100;          
           LINE:  502   < T09>  ALD2_PRIMARY           =                      # 1.0/<CCHO_R_SAPRC99>;    
           LINE:  503   <TCL2>  ALD2_PRIMARY + CL      = CL                   # 7.9E-11;                 
           LINE:  504   < T10>  BUTADIENE13 + OH       = OH  + ACROLEIN       # 1.4E-11 @ -424.;         
           LINE:  505   < T11>  BUTADIENE13 + O3       = O3  + ACROLEIN       # 8.2E-15 @ 2070.;         
           LINE:  506   < T12>  BUTADIENE13 + NO3      = NO3 + ACROLEIN       # 1.79E-13;                
           LINE:  507   < T13>  BUTADIENE13 + O        = O   + ACROLEIN       # 3.99E-12 ^ 1.45 @ -395;  
           LINE:  508   <TCL3>  BUTADIENE13 + CL       = CL  + ACROLEIN       # 2.51E-10;                
           LINE:  509   < T14>  ACROLEIN_PRIMARY + OH  = OH                   # 2.0E-11;                 
           LINE:  510   < T15>  ACROLEIN_PRIMARY + O3  = O3                   # 2.61E-19;                
           LINE:  511   < T16>  ACROLEIN_PRIMARY + NO3 = NO3                  # 1.7E-11 @ 3131.;         
           LINE:  512   < T17>  ACROLEIN_PRIMARY       =                      # 1.0/<ACROLEIN_SAPRC99>;  
           LINE:  513   <TCL4>  ACROLEIN_PRIMARY + CL  = CL                   # 2.37E-10;                
           LINE:  514   < T18>  ACROLEIN + OH          = OH                   # 2.0E-11;                 
           LINE:  515   < T19>  ACROLEIN + O3          = O3                   # 2.61E-19;                
           LINE:  516   < T20>  ACROLEIN + NO3         = NO3                  # 1.7E-11 @ 3131.;         
           LINE:  517   < T21>  ACROLEIN               =                      # 1.0/<ACROLEIN_SAPRC99>;  
           LINE:  518   <TCL5>  ACROLEIN + CL          = CL                   # 2.37E-10;                
           LINE:  519   < T22>  TOLU + OH              = OH                   # 1.8E-12 @ -355.;         
           LINE:  520   <TCL6>  TOLU + CL              = CL                   # 6.1E-11;                 
           LINE:  521   < T23>  MXYL + OH              = OH                   # 1.7E-11 @ -116.;         
           LINE:  522   <TCL7>  MXYL + CL              = CL                   # 1.4E-10;                 
           LINE:  523   < T24>  OXYL + OH              = OH                   # 1.22E-11;                
           LINE:  524   <TCL8>  OXYL + CL              = CL                   # 1.5E-10;                 
           LINE:  525   < T25>  PXYL + OH              = OH                   # 1.3E-11;                 
           LINE:  526   <TCL9>  PXYL + CL              = CL                   # 1.5E-10;                 
           LINE:  527   < T26>  APIN + O               = O                    # 2.79E-11;                
           LINE:  528   < T27>  APIN + OH              = OH                   # 1.2E-11 @ -440.;         
           LINE:  529   < T28>  APIN + O3              = O3                   # 6.3E-16 @ 580.;          
           LINE:  530   < T29>  APIN + NO3             = NO3                  # 1.2E-12 @ -490.;         
           LINE:  531   <TCL10> APIN + CL              = CL                   # 4.7E-10;                 
           LINE:  532   < T30>  BPIN + O               = O                    # 2.81E-11;                
           LINE:  533   < T31>  BPIN + OH              = OH                   # 7.51E-11;                
           LINE:  534   < T32>  BPIN + O3              = O3                   # 1.74E-15 @ 1260.;        
           LINE:  535   < T33>  BPIN + NO3             = NO3                  # 2.81E-11;                
           LINE:  536   <TCL11> BPIN + CL              = CL                   # 5.3E-10;                 
           LINE:  537                                                                                    
           LINE:  538   END MECH                                                                         
           LINE:  539                                                                                    
           LINE:  540   CONSTANTS                                                                        
           LINE:  541   <C1> ATM_AIR = 1.0E+06                                                           
           LINE:  542   <C2> ATM_H2  = 0.56                                                              
           LINE:  543   <C3> ATM_N2  = 0.7808E+06                                                        
           LINE:  544   <C4> ATM_O2  = 0.2095E+06                                                        
           LINE:  545   <C5> ATM_CH4 = 1.85                                                              
           LINE:  546   END CONSTANTS                                                                    
  
  
   Reaction   1 uses photolysis table: NO2_SAPRC99      scaled by:   1.0000    
   Reaction   8 uses photolysis table: O3_O3P_IUPAC04   scaled by:   1.0000    
   Reaction   9 uses photolysis table: O3_O1D_IUPAC04   scaled by:   1.0000    
   Reaction  14 uses photolysis table: NO3NO2_SAPRC99   scaled by:   1.0000    
   Reaction  15 uses photolysis table: NO3NO_SAPRC99    scaled by:   1.0000    
   Reaction  25 uses photolysis table: HONO_IUPAC04     scaled by:   1.0000    
   Reaction  36 uses photolysis table: H2O2_SAPRC99     scaled by:   1.0000    
   Reaction  51 uses photolysis table: HO2NO2_IUPAC04   scaled by:   1.0000    
   Reaction  52 uses photolysis table: HNO3_IUPAC04     scaled by:   1.0000    
   Reaction  53 uses photolysis table: N2O5_IUPAC04     scaled by:   1.0000    
   Reaction  62 uses photolysis table: NTR_IUPAC04      scaled by:   1.0000    
   Reaction  64 uses photolysis table: COOH_SAPRC99     scaled by:   1.0000    
   Reaction  71 uses photolysis table: COOH_SAPRC99     scaled by:   1.0000    
   Reaction  74 uses photolysis table: HCHO_R_SAPRC99   scaled by:   1.0000    
   Reaction  75 uses photolysis table: HCHO_M_SAPRC99   scaled by:   1.0000    
   Reaction  86 uses photolysis table: CCHO_R_SAPRC99   scaled by:   1.0000    
   Reaction  90 uses photolysis table: PAN_IUPAC04      scaled by:   1.0000    
   Reaction  96 uses photolysis table: PACD_CB05        scaled by:   1.0000    
   Reaction 101 uses photolysis table: C2CHO_SAPRC99    scaled by:   1.0000    
   Reaction 105 uses photolysis table: PAN_IUPAC04      scaled by:   1.0000    
   Reaction 135 uses photolysis table: HCHO_R_SAPRC99   scaled by:   9.0000    
   Reaction 140 uses photolysis table: MGLY_IUPAC04     scaled by:   1.0000    
   Reaction 148 uses photolysis table: ACROLEIN_SAPRC99 scaled by:  3.60000E-03
   Reaction 157 uses photolysis table: CL2_IUPAC04      scaled by:   1.0000    
   Reaction 158 uses photolysis table: HOCL_IUPAC04     scaled by:   1.0000    
   Reaction 164 uses photolysis table: FMCL_IUPAC04     scaled by:   1.0000    
   Reaction 191 uses photolysis table: HCHO_R_SAPRC99   scaled by:   1.0000    
   Reaction 192 uses photolysis table: HCHO_M_SAPRC99   scaled by:   1.0000    
   Reaction 197 uses photolysis table: CCHO_R_SAPRC99   scaled by:   1.0000    
   Reaction 207 uses photolysis table: ACROLEIN_SAPRC99 scaled by:   1.0000    
   Reaction 212 uses photolysis table: ACROLEIN_SAPRC99 scaled by:   1.0000    

     There are 31 photolysis table references out of 23 tables

    Normal Completion of CHEMMECH
