      RADM2 gas mechanism with AERO5 species and toxics
      icon profile data used to convert to other gas mechanism species
      number of layers, number of species, terrain-following sigma levels:
      6    105   1.00  0.98  0.93  0.84  0.60  0.30  0.00
      1988180  00
    1  "SO2     " 0.300E-03  0.200E-03  0.100E-03  0.100E-03  0.200E-04  0.100E-04
    2  "SULF    " 1.000E-30  1.000E-30  1.000E-30  1.000E-30  1.000E-30  1.000E-30
    3  "NO2     " 0.167E-03  0.167E-03  0.084E-03  0.000E+00  0.000E+00  0.000E+00
    4  "NO      " 0.083E-03  0.083E-03  0.042E-03  0.000E+00  0.000E+00  0.000E+00
    5  "O3      " 0.350E-01  0.350E-01  0.400E-01  0.500E-01  0.600E-01  0.700E-01
    6  "HNO3    " 0.500E-04  0.500E-04  0.500E-04  0.500E-04  0.700E-04  0.100E-03
    7  "H2O2    " 0.100E-02  0.100E-02  0.150E-02  0.100E-02  0.800E-03  0.200E-03
    8  "ALD     " 0.300E-04  0.350E-04  0.300E-04  0.200E-04  0.200E-04  0.100E-04
    9  "HCHO    " 0.250E-03  0.250E-03  0.250E-03  0.200E-03  0.100E-03  0.500E-04
   10  "OP1     " 0.250E-06  0.250E-06  0.250E-06  0.200E-06  0.100E-06  0.500E-07
   11  "OP2     " 0.300E-07  0.350E-07  0.300E-07  0.200E-07  0.200E-07  0.100E-07
   12  "PAA     " 0.300E-04  0.300E-04  0.300E-04  0.250E-04  0.200E-04  0.150E-04
   13  "ORA1    " 0.100E-05  0.100E-05  0.500E-06  0.500E-06  0.500E-06  0.000E+00
   14  "ORA2    " 0.100E-05  0.100E-05  0.500E-06  0.500E-06  0.500E-06  0.000E+00
   15  "NH3     " 0.100E-03  0.100E-03  0.300E-04  0.200E-04  0.200E-04  0.100E-04
   16  "N2O5    " 0.000E+00  0.000E+00  0.000E+00  0.000E+00  0.000E+00  0.000E+00
   17  "NO3     " 0.000E+00  0.000E+00  0.000E+00  0.000E+00  0.000E+00  0.000E+00
   18  "PAN     " 0.200E-04  0.200E-04  0.100E-04  0.100E-04  0.100E-04  0.000E+00
   19  "HC3     " 0.400E-04  0.400E-04  0.320E-04  0.120E-04  0.400E-05  0.000E+00
   20  "HC5     " 0.400E-04  0.400E-04  0.320E-04  0.120E-04  0.400E-05  0.000E+00
   21  "HC8     " 0.200E-04  0.200E-04  0.160E-04  0.600E-05  0.200E-05  0.000E+00
   22  "ETH     " 0.100E-03  0.100E-03  0.100E-03  0.075E-03  0.010E-03  0.005E-03
   23  "CO      " 0.800E-01  0.800E-01  0.800E-01  0.700E-01  0.650E-01  0.500E-01
   24  "OL2     " 0.500E-05  0.300E-05  0.200E-05  0.100E-05  0.100E-05  0.000E+00
   25  "OLT     " 0.200E-06  0.200E-06  0.100E-06  0.000E+00  0.000E+00  0.000E+00
   26  "OLI     " 0.100E-06  0.100E-06  0.000E+00  0.000E+00  0.000E+00  0.000E+00
   27  "TOL     " 0.100E-05  0.100E-05  0.100E-05  0.100E-05  0.000E+00  0.000E+00
   28  "XYL     " 0.200E-06  0.200E-06  0.100E-06  0.000E+00  0.000E+00  0.000E+00
   29  "ACO3    " 0.100E-08  0.100E-08  0.100E-08  0.100E-08  0.100E-08  0.100E-08
   30  "TPAN    " 0.100E-07  0.100E-07  0.100E-07  0.100E-07  0.100E-07  0.100E-07
   31  "HONO    " 0.100E-08  0.100E-08  0.100E-08  0.100E-08  0.100E-08  0.100E-08
   32  "HNO4    " 0.200E-08  0.200E-08  0.200E-08  0.200E-08  0.200E-08  0.200E-08
   33  "KET     " 0.500E-03  0.500E-03  0.500E-03  0.333E-03  0.333E-03  0.167E-03
   34  "GLY     " 0.250E-06  0.250E-06  0.250E-06  0.200E-06  0.100E-06  0.500E-07
   35  "MGLY    " 0.250E-06  0.250E-06  0.250E-06  0.200E-06  0.100E-06  0.500E-07
   36  "DCB     " 0.250E-06  0.250E-06  0.250E-06  0.200E-06  0.100E-06  0.500E-07
   37  "ONIT    " 0.200E-04  0.200E-04  0.160E-04  0.600E-05  0.200E-05  0.000E+00
   38  "CSL     " 0.100E-08  0.100E-08  0.100E-08  0.100E-08  0.100E-08  0.100E-08
   39  "ISO     " 0.150E-03  0.150E-03  0.000E+00  0.000E+00  0.000E+00  0.000E+00
   40  "HO      " 0.000E+00  0.000E+00  0.000E+00  0.000E+00  0.000E+00  0.000E+00
   41  "HO2     " 0.000E+00  0.000E+00  0.000E+00  0.000E+00  0.000E+00  0.000E+00
   42  "MACR    " 0.150E-04  0.150E-04  0.000E+00  0.000E+00  0.000E+00  0.000E+00
   43  "MVK     " 0.300E-04  0.300E-04  0.000E+00  0.000E+00  0.000E+00  0.000E+00
   44  "BENZENE " 4.450E-05  4.450E-05  4.450E-05  3.894E-05  3.616E-05  2.781E-05
   45  "ASO4I   " 4.810E-03  4.810E-03  3.207E-03  3.207E-03  6.413E-04  3.207E-04
   46  "ASO4J   " 5.964E-01  5.964E-01  3.976E-01  3.976E-01  7.952E-02  3.976E-02
   47  "NUMATKN " 1.478E+09  1.470E+09  9.774E+08  9.655E+08  1.920E+08  9.584E+07
   48  "NUMACC  " 3.706E+08  3.412E+08  2.161E+08  1.693E+08  2.957E+07  1.416E+07
   49  "ASOIL   " 2.150E-01  1.829E-01  1.206E-01  5.398E-02  1.337E-02  1.337E-02
   50  "ACORS   " 3.390E-01  2.885E-01  1.901E-01  8.511E-02  2.108E-02  2.108E-02
   51  "NUMCOR  " 2.350E+04  1.626E+04  6.338E+03  1.162E+03  2.025E+02  2.000E+02
   52  "ANIJ    " 9.508E-05  8.090E-05  5.332E-05  2.387E-05  5.912E-06  5.912E-06
   53  "ACR_IIIJ" 7.500E-06  6.382E-06  4.206E-06  1.883E-06  4.663E-07  4.663E-07
   54  "ACR_VIJ " 7.500E-06  6.382E-06  4.206E-06  1.883E-06  4.663E-07  4.663E-07
   55  "APBJ    " 1.409E-05  1.199E-05  7.899E-06  3.536E-06  8.758E-07  8.758E-07
   56  "APBK    " 9.390E-06  7.990E-06  5.266E-06  2.357E-06  5.839E-07  5.839E-07
   57  "ACDJ    " 1.761E-06  1.498E-06  9.874E-07  4.420E-07  1.095E-07  1.095E-07
   58  "AMN_HAPSJ" 9.390E-05  7.990E-05  5.266E-05  2.357E-05  5.839E-06  5.839E-06
   59  "AMN_HAPSK" 1.409E-04  1.199E-04  7.899E-05  3.536E-05  8.758E-06  8.758E-06
   60  "SRFATKN " 8.153E-07  8.112E-07  5.393E-07  5.327E-07  1.059E-07  5.288E-08
   61  "SRFACC  " 1.491E-05  1.373E-05  8.694E-06  6.815E-06  1.190E-06  5.697E-07
   62  "SRFCOR  " 2.640E-07  2.100E-07  1.160E-07  3.860E-08  8.530E-09  8.490E-09
   63  "HG      " 1.780E-07  1.770E-07  1.760E-07  1.750E-07  1.740E-07  1.730E-07
   64  "HGIIGAS " 2.000E-09  3.000E-09  4.000E-09  5.000E-09  6.000E-09  7.000E-09
   65  "APHGJ   " 1.080E-05  1.026E-05  9.718E-06  7.558E-06  4.859E-06  1.620E-06
   66  "AALKJ   " 2.800E-03  2.280E-03  1.318E-03  4.916E-04  2.224E-05  2.779E-08
   67  "AXYL1J  " 6.000E-04  4.886E-04  2.825E-04  1.053E-04  4.765E-06  5.954E-09
   68  "AXYL2J  " 2.000E-04  1.629E-04  9.415E-05  3.511E-05  1.588E-06  1.985E-09
   69  "AXYL3J  " 2.200E-03  1.791E-03  1.036E-03  3.863E-04  1.747E-05  2.183E-08
   70  "ATOL1J  " 8.000E-04  6.514E-04  3.766E-04  1.405E-04  6.353E-06  7.939E-09
   71  "ATOL2J  " 8.000E-04  6.514E-04  3.766E-04  1.405E-04  6.353E-06  7.939E-09
   72  "ATOL3J  " 5.800E-03  4.723E-03  2.730E-03  1.018E-03  4.606E-05  5.756E-08
   73  "ABNZ1J  " 2.400E-03  1.954E-03  1.130E-03  4.214E-04  1.906E-05  2.382E-08
   74  "ABNZ2J  " 8.000E-04  6.514E-04  3.766E-04  1.405E-04  6.353E-06  7.939E-09
   75  "ABNZ3J  " 6.400E-03  5.211E-03  3.013E-03  1.124E-03  5.083E-05  6.351E-08
   76  "AOLGAJ  " 8.600E-03  7.003E-03  4.048E-03  1.510E-03  6.830E-05  8.535E-08
   77  "ATRP1J  " 1.000E-02  8.143E-03  4.708E-03  1.756E-03  7.942E-05  9.924E-08
   78  "ATRP2J  " 2.400E-02  1.954E-02  1.130E-02  4.214E-03  1.906E-04  2.382E-07
   79  "AISO1J  " 4.200E-02  3.420E-02  1.977E-02  7.374E-03  3.336E-04  4.168E-07
   80  "AISO2J  " 1.600E-02  1.303E-02  7.532E-03  2.809E-03  1.271E-04  1.588E-07
   81  "AISO3J  " 4.000E-03  3.257E-03  1.883E-03  7.023E-04  3.177E-05  3.970E-08
   82  "ASQTJ   " 4.000E-03  3.257E-03  1.883E-03  7.023E-04  3.177E-05  3.970E-08
   83  "AOLGBJ  " 3.170E-01  2.581E-01  1.492E-01  5.566E-02  2.518E-03  3.146E-06
   84  "AORGPAJ " 1.500E-01  1.221E-01  7.061E-02  2.634E-02  1.191E-03  1.489E-06
   85  "AORGPAI " 1.500E-04  1.221E-04  7.061E-05  2.634E-05  1.191E-06  1.489E-09
   86  "SV_ALK  " 6.615E-10  3.844E-10  3.581E-10  2.264E-10  1.464E-10  1.745E-11
   87  "SV_XYL1 " 5.685E-09  3.695E-09  3.523E-09  2.485E-09  1.855E-09  3.758E-10
   88  "SV_XYL2 " 4.973E-08  3.232E-08  3.082E-08  2.174E-08  1.623E-08  3.288E-09
   89  "SV_TOL1 " 1.752E-08  1.386E-08  1.377E-08  1.176E-08  1.129E-08  5.782E-09
   90  "SV_TOL2 " 1.603E-07  1.268E-07  1.259E-07  1.076E-07  1.033E-07  5.289E-08
   91  "SV_BNZ1 " 9.291E-09  8.490E-09  8.690E-09  8.544E-09  9.868E-09  1.000E-08
   92  "SV_BNZ2 " 1.139E-06  1.041E-06  1.066E-06  1.048E-06  1.210E-06  1.227E-06
   93  "SV_TRP1 " 7.031E-07  4.086E-07  3.806E-07  2.407E-07  1.556E-07  1.855E-08
   94  "SV_TRP2 " 2.504E-05  1.455E-05  1.355E-05  8.569E-06  5.541E-06  6.606E-07
   95  "SV_ISO1 " 5.756E-05  3.345E-05  3.116E-05  1.970E-05  1.274E-05  1.519E-06
   96  "SV_ISO2 " 1.166E-07  6.777E-08  6.313E-08  3.992E-08  2.581E-08  3.077E-09
   97  "SV_SQT  " 9.073E-08  5.272E-08  4.911E-08  3.105E-08  2.008E-08  2.394E-09
   98  "SGTOT_ALK  "  4.572E-07  3.661E-07  2.202E-07  8.695E-08  5.142E-09  2.665E-11
   99  "SGTOT_XYL_1"  8.212E-08  6.492E-08  4.032E-08  1.700E-08  2.692E-09  3.774E-10
  100  "SGTOT_XYL_2"  7.520E-08  5.273E-08  4.309E-08  2.658E-08  1.651E-08  3.288E-09
  101  "SGTOT_TOL_1"  1.340E-07  1.072E-07  6.984E-08  3.388E-08  1.256E-08  5.784E-09
  102  "SGTOT_TOL_2"  2.768E-07  2.201E-07  1.820E-07  1.297E-07  1.045E-07  5.289E-08
  103  "SGTOT_TRP_1"  2.159E-06  1.575E-06  1.082E-06  5.172E-07  1.716E-07  1.858E-08
  104  "SGTOT_TRP_2"  2.853E-05  1.735E-05  1.523E-05  9.233E-06  5.580E-06  6.606E-07
  105  "SGTOT_CSL  "  5.126E-08  4.055E-08  2.777E-08  1.471E-08  7.072E-09  3.118E-09
     End of file contents

   number of repeated RADM2 species required:  8

   WARNING: The following   5 table species were not found in the input profile file.
            No conversion was generated for the output profile file.
               O3P               O1D               MO2               ISOPROD         
               TERP            
      1    1    1  3  a NO2             
      2    2    2  4  a NO              
      4    3    3  5  a O3              
      5    4    4 17  a NO3             
      6    5    5 16  a N2O5            
      7    6    6  6  a HNO3            
      9    7    7 40  a HO              
     10    8    8 31  a HONO            
     11    9    9 41  a HO2             
     12   10   10 23  a CO              
     13   11   11 32  a HNO4            
     14   12   12  7  a H2O2            
     15   13   13  1  a SO2             
     16   14   14  2  a SULF            
     18   15   15  9  a HCHO            
     19   16   16 10  a OP1             
     20   17   17 11  a OP2             
     21   18   18 37  a ONIT            
     22   19   19 33  b KET             
     23   20   20 33  b KET             
     24   21   21 29  a ACO3            
     25   22   22 18  a PAN             
     26   23   23 12  a PAA             
     27   24   24 14  a ORA2            
     28   25   25 30  a TPAN            
     29   26   26  8  b ALD             
     30   27   27  8  b ALD             
     31   28   28 13  a ORA1            
     32   29   29 34  a GLY             
     33   30   30 35  a MGLY            
     34   31   31 38  a CSL             
     35   32   32 42  a MACR            
     36   33   33 43  a MVK             
     38   34   34 36  b DCB             
     39   35   35 36  b DCB             
     40   36   36 36  b DCB             
     41   37   37 24  a OL2             
     42   38   38 39  a ISO             
     44   39   39 22  a ETH             
     45   40   40 19  a HC3             
     46   41   41 20  a HC5             
     47   42   42 21  a HC8             
     48   43   43 27  a TOL             
     49   44   44 28  b XYL             
     50   45   45 28  b XYL             
     51   46   46 28  b XYL             
     52   47   47 25  a OLT             
     53   48   48 26  a OLI             
     54   49   49 44  a BENZENE         
     55   50   50 63  a HG              
     56   51   51 64  a HGIIGAS         
     15   52   NH3             
     45   53   ASO4I           
     46   54   ASO4J           
     47   55   NUMATKN         
     48   56   NUMACC          
     49   57   ASOIL           
     50   58   ACORS           
     51   59   NUMCOR          
     52   60   ANIJ            
     53   61   ACR_IIIJ        
     54   62   ACR_VIJ         
     55   63   APBJ            
     56   64   APBK            
     57   65   ACDJ            
     58   66   AMN_HAPSJ       
     59   67   AMN_HAPSK       
     60   68   SRFATKN         
     61   69   SRFACC          
     62   70   SRFCOR          
     65   71   APHGJ           
     66   72   AALKJ           
     67   73   AXYL1J          
     68   74   AXYL2J          
     69   75   AXYL3J          
     70   76   ATOL1J          
     71   77   ATOL2J          
     72   78   ATOL3J          
     73   79   ABNZ1J          
     74   80   ABNZ2J          
     75   81   ABNZ3J          
     76   82   AOLGAJ          
     77   83   ATRP1J          
     78   84   ATRP2J          
     79   85   AISO1J          
     80   86   AISO2J          
     81   87   AISO3J          
     82   88   ASQTJ           
     83   89   AOLGBJ          
     84   90   AORGPAJ         
     85   91   AORGPAI         
     86   92   SV_ALK          
     87   93   SV_XYL1         
     88   94   SV_XYL2         
     89   95   SV_TOL1         
     90   96   SV_TOL2         
     91   97   SV_BNZ1         
     92   98   SV_BNZ2         
     93   99   SV_TRP1         
     94  100   SV_TRP2         
     95  101   SV_ISO1         
     96  102   SV_ISO2         
     97  103   SV_SQT          
     98  104   SGTOT_ALK       
     99  105   SGTOT_XYL_1     
    100  106   SGTOT_XYL_2     
    101  107   SGTOT_TOL_1     
    102  108   SGTOT_TOL_2     
    103  109   SGTOT_TRP_1     
    104  110   SGTOT_TRP_2     
    105  111   SGTOT_CSL       

   nsptab, n_gc_out, n_gc_radm2, nspcs_in, nspcs_out:   56   51   51  105  111

   2015-12-03

  1  "NO2             " 1.670E-04 1.670E-04 8.400E-05 0.000E+00 0.000E+00 0.000E+00
  2  "NO              " 8.300E-05 8.300E-05 4.200E-05 0.000E+00 0.000E+00 0.000E+00
  3  "O3              " 3.500E-02 3.500E-02 4.000E-02 5.000E-02 6.000E-02 7.000E-02
  4  "NO3             " 0.000E+00 0.000E+00 0.000E+00 0.000E+00 0.000E+00 0.000E+00
  5  "N2O5            " 0.000E+00 0.000E+00 0.000E+00 0.000E+00 0.000E+00 0.000E+00
  6  "HNO3            " 5.000E-05 5.000E-05 5.000E-05 5.000E-05 7.000E-05 1.000E-04
  7  "HO              " 0.000E+00 0.000E+00 0.000E+00 0.000E+00 0.000E+00 0.000E+00
  8  "HONO            " 1.000E-09 1.000E-09 1.000E-09 1.000E-09 1.000E-09 1.000E-09
  9  "HO2             " 0.000E+00 0.000E+00 0.000E+00 0.000E+00 0.000E+00 0.000E+00
 10  "CO              " 8.000E-02 8.000E-02 8.000E-02 7.000E-02 6.500E-02 5.000E-02
 11  "HNO4            " 2.000E-09 2.000E-09 2.000E-09 2.000E-09 2.000E-09 2.000E-09
 12  "H2O2            " 1.000E-03 1.000E-03 1.500E-03 1.000E-03 8.000E-04 2.000E-04
 13  "SO2             " 3.000E-04 2.000E-04 1.000E-04 1.000E-04 2.000E-05 1.000E-05
 14  "SULF            " 1.000E-30 1.000E-30 1.000E-30 1.000E-30 1.000E-30 1.000E-30
 15  "HCHO            " 2.500E-04 2.500E-04 2.500E-04 2.000E-04 1.000E-04 5.000E-05
 16  "OP1             " 2.500E-07 2.500E-07 2.500E-07 2.000E-07 1.000E-07 5.000E-08
 17  "OP2             " 3.000E-08 3.500E-08 3.000E-08 2.000E-08 2.000E-08 1.000E-08
 18  "ONIT            " 2.000E-05 2.000E-05 1.600E-05 6.000E-06 2.000E-06 0.000E+00
 ACT             KET                       33
 19  "ACT             " 2.500E-04 2.500E-04 2.500E-04 1.665E-04 1.665E-04 8.350E-05
 KET             KET                       33
 20  "KET             " 2.500E-04 2.500E-04 2.500E-04 1.665E-04 1.665E-04 8.350E-05
 21  "ACO3            " 1.000E-09 1.000E-09 1.000E-09 1.000E-09 1.000E-09 1.000E-09
 22  "PAN             " 2.000E-05 2.000E-05 1.000E-05 1.000E-05 1.000E-05 0.000E+00
 23  "PAA             " 3.000E-05 3.000E-05 3.000E-05 2.500E-05 2.000E-05 1.500E-05
 24  "ORA2            " 1.000E-06 1.000E-06 5.000E-07 5.000E-07 5.000E-07 0.000E+00
 25  "PPN             " 1.000E-08 1.000E-08 1.000E-08 1.000E-08 1.000E-08 1.000E-08
 ACD             ALD                        8
 26  "ACD             " 2.550E-05 2.975E-05 2.550E-05 1.700E-05 1.700E-05 8.500E-06
 ALD             ALD                        8
 27  "ALD             " 4.500E-06 5.250E-06 4.500E-06 3.000E-06 3.000E-06 1.500E-06
 28  "ORA1            " 1.000E-06 1.000E-06 5.000E-07 5.000E-07 5.000E-07 0.000E+00
 29  "GLY             " 2.500E-07 2.500E-07 2.500E-07 2.000E-07 1.000E-07 5.000E-08
 30  "MGLY            " 2.500E-07 2.500E-07 2.500E-07 2.000E-07 1.000E-07 5.000E-08
 31  "CSL             " 1.000E-09 1.000E-09 1.000E-09 1.000E-09 1.000E-09 1.000E-09
 32  "MACR            " 1.500E-05 1.500E-05 0.000E+00 0.000E+00 0.000E+00 0.000E+00
 33  "MVK             " 3.000E-05 3.000E-05 0.000E+00 0.000E+00 0.000E+00 0.000E+00
 DCB1            DCB                       36
 34  "DCB1            " 8.500E-08 8.500E-08 8.500E-08 6.800E-08 3.400E-08 1.700E-08
 DCB2            DCB                       36
 35  "DCB2            " 8.250E-08 8.250E-08 8.250E-08 6.600E-08 3.300E-08 1.650E-08
 DCB3            DCB                       36
 36  "DCB3            " 8.250E-08 8.250E-08 8.250E-08 6.600E-08 3.300E-08 1.650E-08
 37  "ETE             " 5.000E-06 3.000E-06 2.000E-06 1.000E-06 1.000E-06 0.000E+00
 38  "ISO             " 1.500E-04 1.500E-04 0.000E+00 0.000E+00 0.000E+00 0.000E+00
 39  "ETH             " 1.000E-04 1.000E-04 1.000E-04 7.500E-05 1.000E-05 5.000E-06
 40  "HC3             " 4.000E-05 4.000E-05 3.200E-05 1.200E-05 4.000E-06 0.000E+00
 41  "HC5             " 4.000E-05 4.000E-05 3.200E-05 1.200E-05 4.000E-06 0.000E+00
 42  "HC8             " 2.000E-05 2.000E-05 1.600E-05 6.000E-06 2.000E-06 0.000E+00
 43  "TOL             " 1.000E-06 1.000E-06 1.000E-06 1.000E-06 0.000E+00 0.000E+00
 XYM             XYL                       28
 44  "XYM             " 6.800E-08 6.800E-08 3.400E-08 0.000E+00 0.000E+00 0.000E+00
 XYP             XYL                       28
 45  "XYP             " 6.600E-08 6.600E-08 3.300E-08 0.000E+00 0.000E+00 0.000E+00
 XYO             XYL                       28
 46  "XYO             " 6.600E-08 6.600E-08 3.300E-08 0.000E+00 0.000E+00 0.000E+00
 47  "OLT             " 2.000E-07 2.000E-07 1.000E-07 0.000E+00 0.000E+00 0.000E+00
 48  "OLI             " 1.000E-07 1.000E-07 0.000E+00 0.000E+00 0.000E+00 0.000E+00
 49  "BEN             " 4.450E-05 4.450E-05 4.450E-05 3.894E-05 3.616E-05 2.781E-05
 50  "HG              " 1.780E-07 1.770E-07 1.760E-07 1.750E-07 1.740E-07 1.730E-07
 51  "HGIIGAS         " 2.000E-09 3.000E-09 4.000E-09 5.000E-09 6.000E-09 7.000E-09
 52  "NH3             " 1.000E-04 1.000E-04 3.000E-05 2.000E-05 2.000E-05 1.000E-05
 53  "ASO4I           " 4.810E-03 4.810E-03 3.207E-03 3.207E-03 6.413E-04 3.207E-04
 54  "ASO4J           " 5.964E-01 5.964E-01 3.976E-01 3.976E-01 7.952E-02 3.976E-02
 55  "NUMATKN         " 1.478E+09 1.470E+09 9.774E+08 9.655E+08 1.920E+08 9.584E+07
 56  "NUMACC          " 3.706E+08 3.412E+08 2.161E+08 1.693E+08 2.957E+07 1.416E+07
 57  "ASOIL           " 2.150E-01 1.829E-01 1.206E-01 5.398E-02 1.337E-02 1.337E-02
 58  "ACORS           " 3.390E-01 2.885E-01 1.901E-01 8.511E-02 2.108E-02 2.108E-02
 59  "NUMCOR          " 2.350E+04 1.626E+04 6.338E+03 1.162E+03 2.025E+02 2.000E+02
 60  "ANIJ            " 9.508E-05 8.090E-05 5.332E-05 2.387E-05 5.912E-06 5.912E-06
 61  "ACR_IIIJ        " 7.500E-06 6.382E-06 4.206E-06 1.883E-06 4.663E-07 4.663E-07
 62  "ACR_VIJ         " 7.500E-06 6.382E-06 4.206E-06 1.883E-06 4.663E-07 4.663E-07
 63  "APBJ            " 1.409E-05 1.199E-05 7.899E-06 3.536E-06 8.758E-07 8.758E-07
 64  "APBK            " 9.390E-06 7.990E-06 5.266E-06 2.357E-06 5.839E-07 5.839E-07
 65  "ACDJ            " 1.761E-06 1.498E-06 9.874E-07 4.420E-07 1.095E-07 1.095E-07
 66  "AMN_HAPSJ       " 9.390E-05 7.990E-05 5.266E-05 2.357E-05 5.839E-06 5.839E-06
 67  "AMN_HAPSK       " 1.409E-04 1.199E-04 7.899E-05 3.536E-05 8.758E-06 8.758E-06
 68  "SRFATKN         " 8.153E-07 8.112E-07 5.393E-07 5.327E-07 1.059E-07 5.288E-08
 69  "SRFACC          " 1.491E-05 1.373E-05 8.694E-06 6.815E-06 1.190E-06 5.697E-07
 70  "SRFCOR          " 2.640E-07 2.100E-07 1.160E-07 3.860E-08 8.530E-09 8.490E-09
 71  "APHGJ           " 1.080E-05 1.026E-05 9.718E-06 7.558E-06 4.859E-06 1.620E-06
 72  "AALKJ           " 2.800E-03 2.280E-03 1.318E-03 4.916E-04 2.224E-05 2.779E-08
 73  "AXYL1J          " 6.000E-04 4.886E-04 2.825E-04 1.053E-04 4.765E-06 5.954E-09
 74  "AXYL2J          " 2.000E-04 1.629E-04 9.415E-05 3.511E-05 1.588E-06 1.985E-09
 75  "AXYL3J          " 2.200E-03 1.791E-03 1.036E-03 3.863E-04 1.747E-05 2.183E-08
 76  "ATOL1J          " 8.000E-04 6.514E-04 3.766E-04 1.405E-04 6.353E-06 7.939E-09
 77  "ATOL2J          " 8.000E-04 6.514E-04 3.766E-04 1.405E-04 6.353E-06 7.939E-09
 78  "ATOL3J          " 5.800E-03 4.723E-03 2.730E-03 1.018E-03 4.606E-05 5.756E-08
 79  "ABNZ1J          " 2.400E-03 1.954E-03 1.130E-03 4.214E-04 1.906E-05 2.382E-08
 80  "ABNZ2J          " 8.000E-04 6.514E-04 3.766E-04 1.405E-04 6.353E-06 7.939E-09
 81  "ABNZ3J          " 6.400E-03 5.211E-03 3.013E-03 1.124E-03 5.083E-05 6.351E-08
 82  "AOLGAJ          " 8.600E-03 7.003E-03 4.048E-03 1.510E-03 6.830E-05 8.535E-08
 83  "ATRP1J          " 1.000E-02 8.143E-03 4.708E-03 1.756E-03 7.942E-05 9.924E-08
 84  "ATRP2J          " 2.400E-02 1.954E-02 1.130E-02 4.214E-03 1.906E-04 2.382E-07
 85  "AISO1J          " 4.200E-02 3.420E-02 1.977E-02 7.374E-03 3.336E-04 4.168E-07
 86  "AISO2J          " 1.600E-02 1.303E-02 7.532E-03 2.809E-03 1.271E-04 1.588E-07
 87  "AISO3J          " 4.000E-03 3.257E-03 1.883E-03 7.023E-04 3.177E-05 3.970E-08
 88  "ASQTJ           " 4.000E-03 3.257E-03 1.883E-03 7.023E-04 3.177E-05 3.970E-08
 89  "AOLGBJ          " 3.170E-01 2.581E-01 1.492E-01 5.566E-02 2.518E-03 3.146E-06
 90  "AORGPAJ         " 1.500E-01 1.221E-01 7.061E-02 2.634E-02 1.191E-03 1.489E-06
 91  "AORGPAI         " 1.500E-04 1.221E-04 7.061E-05 2.634E-05 1.191E-06 1.489E-09
 92  "SV_ALK          " 6.615E-10 3.844E-10 3.581E-10 2.264E-10 1.464E-10 1.745E-11
 93  "SV_XYL1         " 5.685E-09 3.695E-09 3.523E-09 2.485E-09 1.855E-09 3.758E-10
 94  "SV_XYL2         " 4.973E-08 3.232E-08 3.082E-08 2.174E-08 1.623E-08 3.288E-09
 95  "SV_TOL1         " 1.752E-08 1.386E-08 1.377E-08 1.176E-08 1.129E-08 5.782E-09
 96  "SV_TOL2         " 1.603E-07 1.268E-07 1.259E-07 1.076E-07 1.033E-07 5.289E-08
 97  "SV_BNZ1         " 9.291E-09 8.490E-09 8.690E-09 8.544E-09 9.868E-09 1.000E-08
 98  "SV_BNZ2         " 1.139E-06 1.041E-06 1.066E-06 1.048E-06 1.210E-06 1.227E-06
 99  "SV_TRP1         " 7.031E-07 4.086E-07 3.806E-07 2.407E-07 1.556E-07 1.855E-08
100  "SV_TRP2         " 2.504E-05 1.455E-05 1.355E-05 8.569E-06 5.541E-06 6.606E-07
101  "SV_ISO1         " 5.756E-05 3.345E-05 3.116E-05 1.970E-05 1.274E-05 1.519E-06
102  "SV_ISO2         " 1.166E-07 6.777E-08 6.313E-08 3.992E-08 2.581E-08 3.077E-09
103  "SV_SQT          " 9.073E-08 5.272E-08 4.911E-08 3.105E-08 2.008E-08 2.394E-09
104  "SGTOT_ALK       " 4.572E-07 3.661E-07 2.202E-07 8.695E-08 5.142E-09 2.665E-11
105  "SGTOT_XYL_1     " 8.212E-08 6.492E-08 4.032E-08 1.700E-08 2.692E-09 3.774E-10
106  "SGTOT_XYL_2     " 7.520E-08 5.273E-08 4.309E-08 2.658E-08 1.651E-08 3.288E-09
107  "SGTOT_TOL_1     " 1.340E-07 1.072E-07 6.984E-08 3.388E-08 1.256E-08 5.784E-09
108  "SGTOT_TOL_2     " 2.768E-07 2.201E-07 1.820E-07 1.297E-07 1.045E-07 5.289E-08
109  "SGTOT_TRP_1     " 2.159E-06 1.575E-06 1.082E-06 5.172E-07 1.716E-07 1.858E-08
110  "SGTOT_TRP_2     " 2.853E-05 1.735E-05 1.523E-05 9.233E-06 5.580E-06 6.606E-07
111  "SGTOT_CSL       " 5.126E-08 4.055E-08 2.777E-08 1.471E-08 7.072E-09 3.118E-09
