make[1]: Entering directory `/nas01/depts/ie/cempd/apps/CMAQ/v5.1/UNC_Testing/CMAQv5.1/scripts/mcip/src'
ifort -FR -O3 -traceback -openmp -I/nas01/depts/ie/cempd/apps/CMAQ/v5.1/UNC_Testing/CMAQv5.1/lib/x86_64/intel/netcdf/include -I/nas01/depts/ie/cempd/apps/CMAQ/v5.1/UNC_Testing/CMAQv5.1/lib/x86_64/intel/ioapi/include  -c const_mod.f90
ifort -FR -O3 -traceback -openmp -I/nas01/depts/ie/cempd/apps/CMAQ/v5.1/UNC_Testing/CMAQv5.1/lib/x86_64/intel/netcdf/include -I/nas01/depts/ie/cempd/apps/CMAQ/v5.1/UNC_Testing/CMAQv5.1/lib/x86_64/intel/ioapi/include  -c const_pbl_mod.f90
ifort -FR -O3 -traceback -openmp -I/nas01/depts/ie/cempd/apps/CMAQ/v5.1/UNC_Testing/CMAQv5.1/lib/x86_64/intel/netcdf/include -I/nas01/depts/ie/cempd/apps/CMAQ/v5.1/UNC_Testing/CMAQv5.1/lib/x86_64/intel/ioapi/include  -c coord_mod.f90
ifort -FR -O3 -traceback -openmp -I/nas01/depts/ie/cempd/apps/CMAQ/v5.1/UNC_Testing/CMAQv5.1/lib/x86_64/intel/netcdf/include -I/nas01/depts/ie/cempd/apps/CMAQ/v5.1/UNC_Testing/CMAQv5.1/lib/x86_64/intel/ioapi/include  -c date_time_mod.f90
ifort -FR -O3 -traceback -openmp -I/nas01/depts/ie/cempd/apps/CMAQ/v5.1/UNC_Testing/CMAQv5.1/lib/x86_64/intel/netcdf/include -I/nas01/depts/ie/cempd/apps/CMAQ/v5.1/UNC_Testing/CMAQv5.1/lib/x86_64/intel/ioapi/include  -c date_pack_mod.f90
ifort -FR -O3 -traceback -openmp -I/nas01/depts/ie/cempd/apps/CMAQ/v5.1/UNC_Testing/CMAQv5.1/lib/x86_64/intel/netcdf/include -I/nas01/depts/ie/cempd/apps/CMAQ/v5.1/UNC_Testing/CMAQv5.1/lib/x86_64/intel/ioapi/include  -c files_mod.f90
ifort -FR -O3 -traceback -openmp -I/nas01/depts/ie/cempd/apps/CMAQ/v5.1/UNC_Testing/CMAQv5.1/lib/x86_64/intel/netcdf/include -I/nas01/depts/ie/cempd/apps/CMAQ/v5.1/UNC_Testing/CMAQv5.1/lib/x86_64/intel/ioapi/include  -c groutcom_mod.f90
ifort -FR -O3 -traceback -openmp -I/nas01/depts/ie/cempd/apps/CMAQ/v5.1/UNC_Testing/CMAQv5.1/lib/x86_64/intel/netcdf/include -I/nas01/depts/ie/cempd/apps/CMAQ/v5.1/UNC_Testing/CMAQv5.1/lib/x86_64/intel/ioapi/include  -c luvars_mod.f90
ifort -FR -O3 -traceback -openmp -I/nas01/depts/ie/cempd/apps/CMAQ/v5.1/UNC_Testing/CMAQv5.1/lib/x86_64/intel/netcdf/include -I/nas01/depts/ie/cempd/apps/CMAQ/v5.1/UNC_Testing/CMAQv5.1/lib/x86_64/intel/ioapi/include  -c mcipparm_mod.f90
ifort -FR -O3 -traceback -openmp -I/nas01/depts/ie/cempd/apps/CMAQ/v5.1/UNC_Testing/CMAQv5.1/lib/x86_64/intel/netcdf/include -I/nas01/depts/ie/cempd/apps/CMAQ/v5.1/UNC_Testing/CMAQv5.1/lib/x86_64/intel/ioapi/include  -c mcoutcom_mod.f90
ifort -FR -O3 -traceback -openmp -I/nas01/depts/ie/cempd/apps/CMAQ/v5.1/UNC_Testing/CMAQv5.1/lib/x86_64/intel/netcdf/include -I/nas01/depts/ie/cempd/apps/CMAQ/v5.1/UNC_Testing/CMAQv5.1/lib/x86_64/intel/ioapi/include  -c mdoutcom_mod.f90
ifort -FR -O3 -traceback -openmp -I/nas01/depts/ie/cempd/apps/CMAQ/v5.1/UNC_Testing/CMAQv5.1/lib/x86_64/intel/netcdf/include -I/nas01/depts/ie/cempd/apps/CMAQ/v5.1/UNC_Testing/CMAQv5.1/lib/x86_64/intel/ioapi/include  -c metinfo_mod.f90
ifort -FR -O3 -traceback -openmp -I/nas01/depts/ie/cempd/apps/CMAQ/v5.1/UNC_Testing/CMAQv5.1/lib/x86_64/intel/netcdf/include -I/nas01/depts/ie/cempd/apps/CMAQ/v5.1/UNC_Testing/CMAQv5.1/lib/x86_64/intel/ioapi/include  -c metvars_mod.f90
ifort -FR -O3 -traceback -openmp -I/nas01/depts/ie/cempd/apps/CMAQ/v5.1/UNC_Testing/CMAQv5.1/lib/x86_64/intel/netcdf/include -I/nas01/depts/ie/cempd/apps/CMAQ/v5.1/UNC_Testing/CMAQv5.1/lib/x86_64/intel/ioapi/include  -c vgrd_mod.f90
ifort -FR -O3 -traceback -openmp -I/nas01/depts/ie/cempd/apps/CMAQ/v5.1/UNC_Testing/CMAQv5.1/lib/x86_64/intel/netcdf/include -I/nas01/depts/ie/cempd/apps/CMAQ/v5.1/UNC_Testing/CMAQv5.1/lib/x86_64/intel/ioapi/include  -c wrf_netcdf_mod.f90
ifort -FR -O3 -traceback -openmp -I/nas01/depts/ie/cempd/apps/CMAQ/v5.1/UNC_Testing/CMAQv5.1/lib/x86_64/intel/netcdf/include -I/nas01/depts/ie/cempd/apps/CMAQ/v5.1/UNC_Testing/CMAQv5.1/lib/x86_64/intel/ioapi/include  -c xvars_mod.f90
ifort -FR -O3 -traceback -openmp -I/nas01/depts/ie/cempd/apps/CMAQ/v5.1/UNC_Testing/CMAQv5.1/lib/x86_64/intel/netcdf/include -I/nas01/depts/ie/cempd/apps/CMAQ/v5.1/UNC_Testing/CMAQv5.1/lib/x86_64/intel/ioapi/include  -c sat2mcip_mod.f90
make[1]: Leaving directory `/nas01/depts/ie/cempd/apps/CMAQ/v5.1/UNC_Testing/CMAQv5.1/scripts/mcip/src'
make[1]: Entering directory `/nas01/depts/ie/cempd/apps/CMAQ/v5.1/UNC_Testing/CMAQv5.1/scripts/mcip/src'
ifort -FR -O3 -traceback -openmp -I/nas01/depts/ie/cempd/apps/CMAQ/v5.1/UNC_Testing/CMAQv5.1/lib/x86_64/intel/netcdf/include -I/nas01/depts/ie/cempd/apps/CMAQ/v5.1/UNC_Testing/CMAQv5.1/lib/x86_64/intel/ioapi/include  -c mcip.f90
ifort -FR -O3 -traceback -openmp -I/nas01/depts/ie/cempd/apps/CMAQ/v5.1/UNC_Testing/CMAQv5.1/lib/x86_64/intel/netcdf/include -I/nas01/depts/ie/cempd/apps/CMAQ/v5.1/UNC_Testing/CMAQv5.1/lib/x86_64/intel/ioapi/include  -c alloc_ctm.f90
ifort -FR -O3 -traceback -openmp -I/nas01/depts/ie/cempd/apps/CMAQ/v5.1/UNC_Testing/CMAQv5.1/lib/x86_64/intel/netcdf/include -I/nas01/depts/ie/cempd/apps/CMAQ/v5.1/UNC_Testing/CMAQv5.1/lib/x86_64/intel/ioapi/include  -c alloc_met.f90
ifort -FR -O3 -traceback -openmp -I/nas01/depts/ie/cempd/apps/CMAQ/v5.1/UNC_Testing/CMAQv5.1/lib/x86_64/intel/netcdf/include -I/nas01/depts/ie/cempd/apps/CMAQ/v5.1/UNC_Testing/CMAQv5.1/lib/x86_64/intel/ioapi/include  -c alloc_x.f90
ifort -FR -O3 -traceback -openmp -I/nas01/depts/ie/cempd/apps/CMAQ/v5.1/UNC_Testing/CMAQv5.1/lib/x86_64/intel/netcdf/include -I/nas01/depts/ie/cempd/apps/CMAQ/v5.1/UNC_Testing/CMAQv5.1/lib/x86_64/intel/ioapi/include  -c bcldprc_ak.f90
ifort -FR -O3 -traceback -openmp -I/nas01/depts/ie/cempd/apps/CMAQ/v5.1/UNC_Testing/CMAQv5.1/lib/x86_64/intel/netcdf/include -I/nas01/depts/ie/cempd/apps/CMAQ/v5.1/UNC_Testing/CMAQv5.1/lib/x86_64/intel/ioapi/include  -c blddesc.f90
ifort -FR -O3 -traceback -openmp -I/nas01/depts/ie/cempd/apps/CMAQ/v5.1/UNC_Testing/CMAQv5.1/lib/x86_64/intel/netcdf/include -I/nas01/depts/ie/cempd/apps/CMAQ/v5.1/UNC_Testing/CMAQv5.1/lib/x86_64/intel/ioapi/include  -c chkwpshdr.f90
ifort -FR -O3 -traceback -openmp -I/nas01/depts/ie/cempd/apps/CMAQ/v5.1/UNC_Testing/CMAQv5.1/lib/x86_64/intel/netcdf/include -I/nas01/depts/ie/cempd/apps/CMAQ/v5.1/UNC_Testing/CMAQv5.1/lib/x86_64/intel/ioapi/include  -c chkwrfhdr.f90
ifort -FR -O3 -traceback -openmp -I/nas01/depts/ie/cempd/apps/CMAQ/v5.1/UNC_Testing/CMAQv5.1/lib/x86_64/intel/netcdf/include -I/nas01/depts/ie/cempd/apps/CMAQ/v5.1/UNC_Testing/CMAQv5.1/lib/x86_64/intel/ioapi/include  -c close_files.f90
ifort -FR -O3 -traceback -openmp -I/nas01/depts/ie/cempd/apps/CMAQ/v5.1/UNC_Testing/CMAQv5.1/lib/x86_64/intel/netcdf/include -I/nas01/depts/ie/cempd/apps/CMAQ/v5.1/UNC_Testing/CMAQv5.1/lib/x86_64/intel/ioapi/include  -c collapx.f90
ifort -FR -O3 -traceback -openmp -I/nas01/depts/ie/cempd/apps/CMAQ/v5.1/UNC_Testing/CMAQv5.1/lib/x86_64/intel/netcdf/include -I/nas01/depts/ie/cempd/apps/CMAQ/v5.1/UNC_Testing/CMAQv5.1/lib/x86_64/intel/ioapi/include  -c comheader.f90
ifort -FR -O3 -traceback -openmp -I/nas01/depts/ie/cempd/apps/CMAQ/v5.1/UNC_Testing/CMAQv5.1/lib/x86_64/intel/netcdf/include -I/nas01/depts/ie/cempd/apps/CMAQ/v5.1/UNC_Testing/CMAQv5.1/lib/x86_64/intel/ioapi/include  -c cori.f90
ifort -FR -O3 -traceback -openmp -I/nas01/depts/ie/cempd/apps/CMAQ/v5.1/UNC_Testing/CMAQv5.1/lib/x86_64/intel/netcdf/include -I/nas01/depts/ie/cempd/apps/CMAQ/v5.1/UNC_Testing/CMAQv5.1/lib/x86_64/intel/ioapi/include  -c dealloc_ctm.f90
ifort -FR -O3 -traceback -openmp -I/nas01/depts/ie/cempd/apps/CMAQ/v5.1/UNC_Testing/CMAQv5.1/lib/x86_64/intel/netcdf/include -I/nas01/depts/ie/cempd/apps/CMAQ/v5.1/UNC_Testing/CMAQv5.1/lib/x86_64/intel/ioapi/include  -c dealloc_met.f90
ifort -FR -O3 -traceback -openmp -I/nas01/depts/ie/cempd/apps/CMAQ/v5.1/UNC_Testing/CMAQv5.1/lib/x86_64/intel/netcdf/include -I/nas01/depts/ie/cempd/apps/CMAQ/v5.1/UNC_Testing/CMAQv5.1/lib/x86_64/intel/ioapi/include  -c dealloc_x.f90
ifort -FR -O3 -traceback -openmp -I/nas01/depts/ie/cempd/apps/CMAQ/v5.1/UNC_Testing/CMAQv5.1/lib/x86_64/intel/netcdf/include -I/nas01/depts/ie/cempd/apps/CMAQ/v5.1/UNC_Testing/CMAQv5.1/lib/x86_64/intel/ioapi/include  -c detangle_soil_px.f90
ifort -FR -O3 -traceback -openmp -I/nas01/depts/ie/cempd/apps/CMAQ/v5.1/UNC_Testing/CMAQv5.1/lib/x86_64/intel/netcdf/include -I/nas01/depts/ie/cempd/apps/CMAQ/v5.1/UNC_Testing/CMAQv5.1/lib/x86_64/intel/ioapi/include  -c e_aerk.f90
ifort -FR -O3 -traceback -openmp -I/nas01/depts/ie/cempd/apps/CMAQ/v5.1/UNC_Testing/CMAQv5.1/lib/x86_64/intel/netcdf/include -I/nas01/depts/ie/cempd/apps/CMAQ/v5.1/UNC_Testing/CMAQv5.1/lib/x86_64/intel/ioapi/include  -c dynflds.f90
ifort -FR -O3 -traceback -openmp -I/nas01/depts/ie/cempd/apps/CMAQ/v5.1/UNC_Testing/CMAQv5.1/lib/x86_64/intel/netcdf/include -I/nas01/depts/ie/cempd/apps/CMAQ/v5.1/UNC_Testing/CMAQv5.1/lib/x86_64/intel/ioapi/include  -c getgist.f90
ifort -FR -O3 -traceback -openmp -I/nas01/depts/ie/cempd/apps/CMAQ/v5.1/UNC_Testing/CMAQv5.1/lib/x86_64/intel/netcdf/include -I/nas01/depts/ie/cempd/apps/CMAQ/v5.1/UNC_Testing/CMAQv5.1/lib/x86_64/intel/ioapi/include  -c getluse.f90
ifort -FR -O3 -traceback -openmp -I/nas01/depts/ie/cempd/apps/CMAQ/v5.1/UNC_Testing/CMAQv5.1/lib/x86_64/intel/netcdf/include -I/nas01/depts/ie/cempd/apps/CMAQ/v5.1/UNC_Testing/CMAQv5.1/lib/x86_64/intel/ioapi/include  -c getmet.f90
ifort -FR -O3 -traceback -openmp -I/nas01/depts/ie/cempd/apps/CMAQ/v5.1/UNC_Testing/CMAQv5.1/lib/x86_64/intel/netcdf/include -I/nas01/depts/ie/cempd/apps/CMAQ/v5.1/UNC_Testing/CMAQv5.1/lib/x86_64/intel/ioapi/include  -c getpblht.f90
ifort -FR -O3 -traceback -openmp -I/nas01/depts/ie/cempd/apps/CMAQ/v5.1/UNC_Testing/CMAQv5.1/lib/x86_64/intel/netcdf/include -I/nas01/depts/ie/cempd/apps/CMAQ/v5.1/UNC_Testing/CMAQv5.1/lib/x86_64/intel/ioapi/include  -c getsdt.f90
ifort -FR -O3 -traceback -openmp -I/nas01/depts/ie/cempd/apps/CMAQ/v5.1/UNC_Testing/CMAQv5.1/lib/x86_64/intel/netcdf/include -I/nas01/depts/ie/cempd/apps/CMAQ/v5.1/UNC_Testing/CMAQv5.1/lib/x86_64/intel/ioapi/include  -c getversion.f90
ifort -FR -O3 -traceback -openmp -I/nas01/depts/ie/cempd/apps/CMAQ/v5.1/UNC_Testing/CMAQv5.1/lib/x86_64/intel/netcdf/include -I/nas01/depts/ie/cempd/apps/CMAQ/v5.1/UNC_Testing/CMAQv5.1/lib/x86_64/intel/ioapi/include  -c graceful_stop.f90
ifort -FR -O3 -traceback -openmp -I/nas01/depts/ie/cempd/apps/CMAQ/v5.1/UNC_Testing/CMAQv5.1/lib/x86_64/intel/netcdf/include -I/nas01/depts/ie/cempd/apps/CMAQ/v5.1/UNC_Testing/CMAQv5.1/lib/x86_64/intel/ioapi/include  -c gridout.f90
ifort -FR -O3 -traceback -openmp -I/nas01/depts/ie/cempd/apps/CMAQ/v5.1/UNC_Testing/CMAQv5.1/lib/x86_64/intel/netcdf/include -I/nas01/depts/ie/cempd/apps/CMAQ/v5.1/UNC_Testing/CMAQv5.1/lib/x86_64/intel/ioapi/include  -c init_io.f90
ifort -FR -O3 -traceback -openmp -I/nas01/depts/ie/cempd/apps/CMAQ/v5.1/UNC_Testing/CMAQv5.1/lib/x86_64/intel/netcdf/include -I/nas01/depts/ie/cempd/apps/CMAQ/v5.1/UNC_Testing/CMAQv5.1/lib/x86_64/intel/ioapi/include  -c init_met.f90
ifort -FR -O3 -traceback -openmp -I/nas01/depts/ie/cempd/apps/CMAQ/v5.1/UNC_Testing/CMAQv5.1/lib/x86_64/intel/netcdf/include -I/nas01/depts/ie/cempd/apps/CMAQ/v5.1/UNC_Testing/CMAQv5.1/lib/x86_64/intel/ioapi/include  -c init_x.f90
ifort -FR -O3 -traceback -openmp -I/nas01/depts/ie/cempd/apps/CMAQ/v5.1/UNC_Testing/CMAQv5.1/lib/x86_64/intel/netcdf/include -I/nas01/depts/ie/cempd/apps/CMAQ/v5.1/UNC_Testing/CMAQv5.1/lib/x86_64/intel/ioapi/include  -c julian.f90
ifort -FR -O3 -traceback -openmp -I/nas01/depts/ie/cempd/apps/CMAQ/v5.1/UNC_Testing/CMAQv5.1/lib/x86_64/intel/netcdf/include -I/nas01/depts/ie/cempd/apps/CMAQ/v5.1/UNC_Testing/CMAQv5.1/lib/x86_64/intel/ioapi/include  -c layht.f90
ifort -FR -O3 -traceback -openmp -I/nas01/depts/ie/cempd/apps/CMAQ/v5.1/UNC_Testing/CMAQv5.1/lib/x86_64/intel/netcdf/include -I/nas01/depts/ie/cempd/apps/CMAQ/v5.1/UNC_Testing/CMAQv5.1/lib/x86_64/intel/ioapi/include  -c ll2xy_lam.f90
ifort -FR -O3 -traceback -openmp -I/nas01/depts/ie/cempd/apps/CMAQ/v5.1/UNC_Testing/CMAQv5.1/lib/x86_64/intel/netcdf/include -I/nas01/depts/ie/cempd/apps/CMAQ/v5.1/UNC_Testing/CMAQv5.1/lib/x86_64/intel/ioapi/include  -c ll2xy_lam_sec.f90
ifort -FR -O3 -traceback -openmp -I/nas01/depts/ie/cempd/apps/CMAQ/v5.1/UNC_Testing/CMAQv5.1/lib/x86_64/intel/netcdf/include -I/nas01/depts/ie/cempd/apps/CMAQ/v5.1/UNC_Testing/CMAQv5.1/lib/x86_64/intel/ioapi/include  -c ll2xy_lam_tan.f90
ifort -FR -O3 -traceback -openmp -I/nas01/depts/ie/cempd/apps/CMAQ/v5.1/UNC_Testing/CMAQv5.1/lib/x86_64/intel/netcdf/include -I/nas01/depts/ie/cempd/apps/CMAQ/v5.1/UNC_Testing/CMAQv5.1/lib/x86_64/intel/ioapi/include  -c ll2xy_merc.f90
ifort -FR -O3 -traceback -openmp -I/nas01/depts/ie/cempd/apps/CMAQ/v5.1/UNC_Testing/CMAQv5.1/lib/x86_64/intel/netcdf/include -I/nas01/depts/ie/cempd/apps/CMAQ/v5.1/UNC_Testing/CMAQv5.1/lib/x86_64/intel/ioapi/include  -c ll2xy_ps.f90
ifort -FR -O3 -traceback -openmp -I/nas01/depts/ie/cempd/apps/CMAQ/v5.1/UNC_Testing/CMAQv5.1/lib/x86_64/intel/netcdf/include -I/nas01/depts/ie/cempd/apps/CMAQ/v5.1/UNC_Testing/CMAQv5.1/lib/x86_64/intel/ioapi/include  -c locate.f90
ifort -FR -O3 -traceback -openmp -I/nas01/depts/ie/cempd/apps/CMAQ/v5.1/UNC_Testing/CMAQv5.1/lib/x86_64/intel/netcdf/include -I/nas01/depts/ie/cempd/apps/CMAQ/v5.1/UNC_Testing/CMAQv5.1/lib/x86_64/intel/ioapi/include  -c mapfac_lam.f90
ifort -FR -O3 -traceback -openmp -I/nas01/depts/ie/cempd/apps/CMAQ/v5.1/UNC_Testing/CMAQv5.1/lib/x86_64/intel/netcdf/include -I/nas01/depts/ie/cempd/apps/CMAQ/v5.1/UNC_Testing/CMAQv5.1/lib/x86_64/intel/ioapi/include  -c mapfac_merc.f90
ifort -FR -O3 -traceback -openmp -I/nas01/depts/ie/cempd/apps/CMAQ/v5.1/UNC_Testing/CMAQv5.1/lib/x86_64/intel/netcdf/include -I/nas01/depts/ie/cempd/apps/CMAQ/v5.1/UNC_Testing/CMAQv5.1/lib/x86_64/intel/ioapi/include  -c mapfac_ps.f90
ifort -FR -O3 -traceback -openmp -I/nas01/depts/ie/cempd/apps/CMAQ/v5.1/UNC_Testing/CMAQv5.1/lib/x86_64/intel/netcdf/include -I/nas01/depts/ie/cempd/apps/CMAQ/v5.1/UNC_Testing/CMAQv5.1/lib/x86_64/intel/ioapi/include  -c metcro.f90
ifort -FR -O3 -traceback -openmp -I/nas01/depts/ie/cempd/apps/CMAQ/v5.1/UNC_Testing/CMAQv5.1/lib/x86_64/intel/netcdf/include -I/nas01/depts/ie/cempd/apps/CMAQ/v5.1/UNC_Testing/CMAQv5.1/lib/x86_64/intel/ioapi/include  -c metdot.f90
ifort -FR -O3 -traceback -openmp -I/nas01/depts/ie/cempd/apps/CMAQ/v5.1/UNC_Testing/CMAQv5.1/lib/x86_64/intel/netcdf/include -I/nas01/depts/ie/cempd/apps/CMAQ/v5.1/UNC_Testing/CMAQv5.1/lib/x86_64/intel/ioapi/include  -c metgrid2ctm.f90
ifort -FR -O3 -traceback -openmp -I/nas01/depts/ie/cempd/apps/CMAQ/v5.1/UNC_Testing/CMAQv5.1/lib/x86_64/intel/netcdf/include -I/nas01/depts/ie/cempd/apps/CMAQ/v5.1/UNC_Testing/CMAQv5.1/lib/x86_64/intel/ioapi/include  -c metvars2ctm.f90
ifort -FR -O3 -traceback -openmp -I/nas01/depts/ie/cempd/apps/CMAQ/v5.1/UNC_Testing/CMAQv5.1/lib/x86_64/intel/netcdf/include -I/nas01/depts/ie/cempd/apps/CMAQ/v5.1/UNC_Testing/CMAQv5.1/lib/x86_64/intel/ioapi/include  -c mm5v3opts.f90
ifort -FR -O3 -traceback -openmp -I/nas01/depts/ie/cempd/apps/CMAQ/v5.1/UNC_Testing/CMAQv5.1/lib/x86_64/intel/netcdf/include -I/nas01/depts/ie/cempd/apps/CMAQ/v5.1/UNC_Testing/CMAQv5.1/lib/x86_64/intel/ioapi/include  -c pblsup.f90
ifort -FR -O3 -traceback -openmp -I/nas01/depts/ie/cempd/apps/CMAQ/v5.1/UNC_Testing/CMAQv5.1/lib/x86_64/intel/netcdf/include -I/nas01/depts/ie/cempd/apps/CMAQ/v5.1/UNC_Testing/CMAQv5.1/lib/x86_64/intel/ioapi/include  -c ptemp.f90
ifort -FR -O3 -traceback -openmp -I/nas01/depts/ie/cempd/apps/CMAQ/v5.1/UNC_Testing/CMAQv5.1/lib/x86_64/intel/netcdf/include -I/nas01/depts/ie/cempd/apps/CMAQ/v5.1/UNC_Testing/CMAQv5.1/lib/x86_64/intel/ioapi/include  -c pvs.f90
ifort -FR -O3 -traceback -openmp -I/nas01/depts/ie/cempd/apps/CMAQ/v5.1/UNC_Testing/CMAQv5.1/lib/x86_64/intel/netcdf/include -I/nas01/depts/ie/cempd/apps/CMAQ/v5.1/UNC_Testing/CMAQv5.1/lib/x86_64/intel/ioapi/include  -c qsat.f90
ifort -FR -O3 -traceback -openmp -I/nas01/depts/ie/cempd/apps/CMAQ/v5.1/UNC_Testing/CMAQv5.1/lib/x86_64/intel/netcdf/include -I/nas01/depts/ie/cempd/apps/CMAQ/v5.1/UNC_Testing/CMAQv5.1/lib/x86_64/intel/ioapi/include  -c rdmm5v3.f90
ifort -FR -O3 -traceback -openmp -I/nas01/depts/ie/cempd/apps/CMAQ/v5.1/UNC_Testing/CMAQv5.1/lib/x86_64/intel/netcdf/include -I/nas01/depts/ie/cempd/apps/CMAQ/v5.1/UNC_Testing/CMAQv5.1/lib/x86_64/intel/ioapi/include  -c rdwrfem.f90
ifort -FR -O3 -traceback -openmp -I/nas01/depts/ie/cempd/apps/CMAQ/v5.1/UNC_Testing/CMAQv5.1/lib/x86_64/intel/netcdf/include -I/nas01/depts/ie/cempd/apps/CMAQ/v5.1/UNC_Testing/CMAQv5.1/lib/x86_64/intel/ioapi/include  -c readnml.f90
ifort -FR -O3 -traceback -openmp -I/nas01/depts/ie/cempd/apps/CMAQ/v5.1/UNC_Testing/CMAQv5.1/lib/x86_64/intel/netcdf/include -I/nas01/depts/ie/cempd/apps/CMAQ/v5.1/UNC_Testing/CMAQv5.1/lib/x86_64/intel/ioapi/include  -c readter.f90
ifort -FR -O3 -traceback -openmp -I/nas01/depts/ie/cempd/apps/CMAQ/v5.1/UNC_Testing/CMAQv5.1/lib/x86_64/intel/netcdf/include -I/nas01/depts/ie/cempd/apps/CMAQ/v5.1/UNC_Testing/CMAQv5.1/lib/x86_64/intel/ioapi/include  -c refstate.f90
ifort -FR -O3 -traceback -openmp -I/nas01/depts/ie/cempd/apps/CMAQ/v5.1/UNC_Testing/CMAQv5.1/lib/x86_64/intel/netcdf/include -I/nas01/depts/ie/cempd/apps/CMAQ/v5.1/UNC_Testing/CMAQv5.1/lib/x86_64/intel/ioapi/include  -c resistcalc.f90
ifort -FR -O3 -traceback -openmp -I/nas01/depts/ie/cempd/apps/CMAQ/v5.1/UNC_Testing/CMAQv5.1/lib/x86_64/intel/netcdf/include -I/nas01/depts/ie/cempd/apps/CMAQ/v5.1/UNC_Testing/CMAQv5.1/lib/x86_64/intel/ioapi/include  -c setgriddefs.f90
ifort -FR -O3 -traceback -openmp -I/nas01/depts/ie/cempd/apps/CMAQ/v5.1/UNC_Testing/CMAQv5.1/lib/x86_64/intel/netcdf/include -I/nas01/depts/ie/cempd/apps/CMAQ/v5.1/UNC_Testing/CMAQv5.1/lib/x86_64/intel/ioapi/include  -c setup.f90
ifort -FR -O3 -traceback -openmp -I/nas01/depts/ie/cempd/apps/CMAQ/v5.1/UNC_Testing/CMAQv5.1/lib/x86_64/intel/netcdf/include -I/nas01/depts/ie/cempd/apps/CMAQ/v5.1/UNC_Testing/CMAQv5.1/lib/x86_64/intel/ioapi/include  -c setup_mm5v3.f90
ifort -FR -O3 -traceback -openmp -I/nas01/depts/ie/cempd/apps/CMAQ/v5.1/UNC_Testing/CMAQv5.1/lib/x86_64/intel/netcdf/include -I/nas01/depts/ie/cempd/apps/CMAQ/v5.1/UNC_Testing/CMAQv5.1/lib/x86_64/intel/ioapi/include  -c setup_wrfem.f90
ifort -FR -O3 -traceback -openmp -I/nas01/depts/ie/cempd/apps/CMAQ/v5.1/UNC_Testing/CMAQv5.1/lib/x86_64/intel/netcdf/include -I/nas01/depts/ie/cempd/apps/CMAQ/v5.1/UNC_Testing/CMAQv5.1/lib/x86_64/intel/ioapi/include  -c sfclayer.f90
ifort -FR -O3 -traceback -openmp -I/nas01/depts/ie/cempd/apps/CMAQ/v5.1/UNC_Testing/CMAQv5.1/lib/x86_64/intel/netcdf/include -I/nas01/depts/ie/cempd/apps/CMAQ/v5.1/UNC_Testing/CMAQv5.1/lib/x86_64/intel/ioapi/include  -c statflds.f90
ifort -FR -O3 -traceback -openmp -I/nas01/depts/ie/cempd/apps/CMAQ/v5.1/UNC_Testing/CMAQv5.1/lib/x86_64/intel/netcdf/include -I/nas01/depts/ie/cempd/apps/CMAQ/v5.1/UNC_Testing/CMAQv5.1/lib/x86_64/intel/ioapi/include  -c vertarys.f90
ifort -FR -O3 -traceback -openmp -I/nas01/depts/ie/cempd/apps/CMAQ/v5.1/UNC_Testing/CMAQv5.1/lib/x86_64/intel/netcdf/include -I/nas01/depts/ie/cempd/apps/CMAQ/v5.1/UNC_Testing/CMAQv5.1/lib/x86_64/intel/ioapi/include  -c vertnhy.f90
ifort -FR -O3 -traceback -openmp -I/nas01/depts/ie/cempd/apps/CMAQ/v5.1/UNC_Testing/CMAQv5.1/lib/x86_64/intel/netcdf/include -I/nas01/depts/ie/cempd/apps/CMAQ/v5.1/UNC_Testing/CMAQv5.1/lib/x86_64/intel/ioapi/include  -c vertnhy_wrf.f90
ifort -FR -O3 -traceback -openmp -I/nas01/depts/ie/cempd/apps/CMAQ/v5.1/UNC_Testing/CMAQv5.1/lib/x86_64/intel/netcdf/include -I/nas01/depts/ie/cempd/apps/CMAQ/v5.1/UNC_Testing/CMAQv5.1/lib/x86_64/intel/ioapi/include  -c vstamp.f90
ifort -FR -O3 -traceback -openmp -I/nas01/depts/ie/cempd/apps/CMAQ/v5.1/UNC_Testing/CMAQv5.1/lib/x86_64/intel/netcdf/include -I/nas01/depts/ie/cempd/apps/CMAQ/v5.1/UNC_Testing/CMAQv5.1/lib/x86_64/intel/ioapi/include  -c vtemp.f90
ifort -FR -O3 -traceback -openmp -I/nas01/depts/ie/cempd/apps/CMAQ/v5.1/UNC_Testing/CMAQv5.1/lib/x86_64/intel/netcdf/include -I/nas01/depts/ie/cempd/apps/CMAQ/v5.1/UNC_Testing/CMAQv5.1/lib/x86_64/intel/ioapi/include  -c wind.f90
ifort -FR -O3 -traceback -openmp -I/nas01/depts/ie/cempd/apps/CMAQ/v5.1/UNC_Testing/CMAQv5.1/lib/x86_64/intel/netcdf/include -I/nas01/depts/ie/cempd/apps/CMAQ/v5.1/UNC_Testing/CMAQv5.1/lib/x86_64/intel/ioapi/include  -c wrfemopts.f90
ifort -FR -O3 -traceback -openmp -I/nas01/depts/ie/cempd/apps/CMAQ/v5.1/UNC_Testing/CMAQv5.1/lib/x86_64/intel/netcdf/include -I/nas01/depts/ie/cempd/apps/CMAQ/v5.1/UNC_Testing/CMAQv5.1/lib/x86_64/intel/ioapi/include  -c wrgdesc.f90
ifort -FR -O3 -traceback -openmp -I/nas01/depts/ie/cempd/apps/CMAQ/v5.1/UNC_Testing/CMAQv5.1/lib/x86_64/intel/netcdf/include -I/nas01/depts/ie/cempd/apps/CMAQ/v5.1/UNC_Testing/CMAQv5.1/lib/x86_64/intel/ioapi/include  -c xy2ll_lam.f90
ifort -FR -O3 -traceback -openmp -I/nas01/depts/ie/cempd/apps/CMAQ/v5.1/UNC_Testing/CMAQv5.1/lib/x86_64/intel/netcdf/include -I/nas01/depts/ie/cempd/apps/CMAQ/v5.1/UNC_Testing/CMAQv5.1/lib/x86_64/intel/ioapi/include  -c xy2ll_merc.f90
ifort -o mcip.exe -FR -O3 -traceback -openmp -I/nas01/depts/ie/cempd/apps/CMAQ/v5.1/UNC_Testing/CMAQv5.1/lib/x86_64/intel/netcdf/include -I/nas01/depts/ie/cempd/apps/CMAQ/v5.1/UNC_Testing/CMAQv5.1/lib/x86_64/intel/ioapi/include mcip.o alloc_ctm.o alloc_met.o alloc_x.o bcldprc_ak.o blddesc.o chkwpshdr.o chkwrfhdr.o close_files.o collapx.o comheader.o cori.o dealloc_ctm.o dealloc_met.o dealloc_x.o detangle_soil_px.o e_aerk.o dynflds.o getgist.o getluse.o getmet.o getpblht.o getsdt.o getversion.o graceful_stop.o gridout.o init_io.o init_met.o init_x.o julian.o layht.o ll2xy_lam.o ll2xy_lam_sec.o ll2xy_lam_tan.o ll2xy_merc.o ll2xy_ps.o locate.o mapfac_lam.o mapfac_merc.o mapfac_ps.o metcro.o metdot.o metgrid2ctm.o metvars2ctm.o mm5v3opts.o pblsup.o ptemp.o pvs.o qsat.o rdmm5v3.o rdwrfem.o readnml.o readter.o refstate.o resistcalc.o setgriddefs.o setup.o setup_mm5v3.o setup_wrfem.o sfclayer.o statflds.o vertarys.o vertnhy.o vertnhy_wrf.o vstamp.o vtemp.o wind.o wrfemopts.o wrgdesc.o xy2ll_lam.o xy2ll_merc.o const_mod.o const_pbl_mod.o coord_mod.o date_time_mod.o date_pack_mod.o files_mod.o groutcom_mod.o luvars_mod.o mcipparm_mod.o mcoutcom_mod.o mdoutcom_mod.o metinfo_mod.o metvars_mod.o vgrd_mod.o wrf_netcdf_mod.o xvars_mod.o sat2mcip_mod.o -L/nas01/depts/ie/cempd/apps/CMAQ/v5.1/UNC_Testing/CMAQv5.1/lib/x86_64/intel/ioapi/lib -lioapi -L/nas01/depts/ie/cempd/apps/CMAQ/v5.1/UNC_Testing/CMAQv5.1/lib/x86_64/intel/netcdf/lib -lnetcdf -lcurl
make[1]: Leaving directory `/nas01/depts/ie/cempd/apps/CMAQ/v5.1/UNC_Testing/CMAQv5.1/scripts/mcip/src'
